mode: atomic
github.com/netcloth/netcloth-chain/app/protocol/engine.go:16.74,24.2 2 1
github.com/netcloth/netcloth-chain/app/protocol/engine.go:26.56,28.11 2 0
github.com/netcloth/netcloth-chain/app/protocol/engine.go:31.2,32.22 2 0
github.com/netcloth/netcloth-chain/app/protocol/engine.go:28.11,29.39 1 0
github.com/netcloth/netcloth-chain/app/protocol/engine.go:35.83,38.10 3 0
github.com/netcloth/netcloth-chain/app/protocol/engine.go:42.2,42.22 1 0
github.com/netcloth/netcloth-chain/app/protocol/engine.go:38.10,41.3 2 0
github.com/netcloth/netcloth-chain/app/protocol/engine.go:45.57,47.10 2 0
github.com/netcloth/netcloth-chain/app/protocol/engine.go:52.2,52.13 1 0
github.com/netcloth/netcloth-chain/app/protocol/engine.go:47.10,51.3 3 0
github.com/netcloth/netcloth-chain/app/protocol/engine.go:55.57,57.2 1 0
github.com/netcloth/netcloth-chain/app/protocol/engine.go:59.54,61.2 1 0
github.com/netcloth/netcloth-chain/app/protocol/engine.go:65.14,67.2 1 1
github.com/netcloth/netcloth-chain/app/protocol/engine.go:69.52,70.31 1 0
github.com/netcloth/netcloth-chain/app/protocol/engine.go:73.2,75.10 3 0
github.com/netcloth/netcloth-chain/app/protocol/engine.go:70.31,71.115 1 0
github.com/netcloth/netcloth-chain/app/protocol/engine.go:79.66,81.2 1 1
github.com/netcloth/netcloth-chain/app/protocol/engine.go:83.67,86.2 2 0
github.com/netcloth/netcloth-chain/app/protocol/queryrouter.go:16.36,20.2 1 2
github.com/netcloth/netcloth-chain/app/protocol/queryrouter.go:22.78,23.33 1 3
github.com/netcloth/netcloth-chain/app/protocol/queryrouter.go:26.2,26.29 1 2
github.com/netcloth/netcloth-chain/app/protocol/queryrouter.go:30.2,31.12 2 1
github.com/netcloth/netcloth-chain/app/protocol/queryrouter.go:23.33,24.70 1 1
github.com/netcloth/netcloth-chain/app/protocol/queryrouter.go:26.29,27.68 1 1
github.com/netcloth/netcloth-chain/app/protocol/queryrouter.go:34.56,36.2 1 1
github.com/netcloth/netcloth-chain/app/protocol/router.go:16.26,20.2 1 2
github.com/netcloth/netcloth-chain/app/protocol/router.go:22.68,23.33 1 3
github.com/netcloth/netcloth-chain/app/protocol/router.go:26.2,26.29 1 2
github.com/netcloth/netcloth-chain/app/protocol/router.go:30.2,31.12 2 1
github.com/netcloth/netcloth-chain/app/protocol/router.go:23.33,24.70 1 1
github.com/netcloth/netcloth-chain/app/protocol/router.go:26.29,27.68 1 1
github.com/netcloth/netcloth-chain/app/protocol/router.go:34.66,36.2 1 1
github.com/netcloth/netcloth-chain/app/v0/auth/types/codec.go:9.38,17.2 7 1
github.com/netcloth/netcloth-chain/app/v0/auth/types/codec.go:22.13,27.2 4 1
github.com/netcloth/netcloth-chain/app/v0/auth/types/keys.go:33.50,35.2 1 0
github.com/netcloth/netcloth-chain/app/v0/auth/types/querier.go:19.68,21.2 1 4
github.com/netcloth/netcloth-chain/app/v0/auth/types/stdsignmsg.go:20.38,22.2 1 0
github.com/netcloth/netcloth-chain/app/v0/auth/types/stdtx.go:33.83,40.2 1 0
github.com/netcloth/netcloth-chain/app/v0/auth/types/stdtx.go:43.37,43.55 1 0
github.com/netcloth/netcloth-chain/app/v0/auth/types/stdtx.go:47.39,50.31 2 0
github.com/netcloth/netcloth-chain/app/v0/auth/types/stdtx.go:56.2,56.35 1 0
github.com/netcloth/netcloth-chain/app/v0/auth/types/stdtx.go:62.2,62.23 1 0
github.com/netcloth/netcloth-chain/app/v0/auth/types/stdtx.go:65.2,65.42 1 0
github.com/netcloth/netcloth-chain/app/v0/auth/types/stdtx.go:72.2,72.12 1 0
github.com/netcloth/netcloth-chain/app/v0/auth/types/stdtx.go:50.31,55.3 1 0
github.com/netcloth/netcloth-chain/app/v0/auth/types/stdtx.go:56.35,61.3 1 0
github.com/netcloth/netcloth-chain/app/v0/auth/types/stdtx.go:62.23,64.3 1 0
github.com/netcloth/netcloth-chain/app/v0/auth/types/stdtx.go:65.42,70.3 1 0
github.com/netcloth/netcloth-chain/app/v0/auth/types/stdtx.go:76.42,78.9 2 0
github.com/netcloth/netcloth-chain/app/v0/auth/types/stdtx.go:82.2,83.35 2 0
github.com/netcloth/netcloth-chain/app/v0/auth/types/stdtx.go:87.2,87.16 1 0
github.com/netcloth/netcloth-chain/app/v0/auth/types/stdtx.go:78.9,80.3 1 0
github.com/netcloth/netcloth-chain/app/v0/auth/types/stdtx.go:83.35,85.3 1 0
github.com/netcloth/netcloth-chain/app/v0/auth/types/stdtx.go:95.47,98.35 3 0
github.com/netcloth/netcloth-chain/app/v0/auth/types/stdtx.go:106.2,106.16 1 0
github.com/netcloth/netcloth-chain/app/v0/auth/types/stdtx.go:98.35,99.41 1 0
github.com/netcloth/netcloth-chain/app/v0/auth/types/stdtx.go:99.41,100.28 1 0
github.com/netcloth/netcloth-chain/app/v0/auth/types/stdtx.go:100.28,103.5 2 0
github.com/netcloth/netcloth-chain/app/v0/auth/types/stdtx.go:110.34,110.52 1 0
github.com/netcloth/netcloth-chain/app/v0/auth/types/stdtx.go:120.42,122.39 2 0
github.com/netcloth/netcloth-chain/app/v0/auth/types/stdtx.go:125.2,125.13 1 0
github.com/netcloth/netcloth-chain/app/v0/auth/types/stdtx.go:122.39,124.3 1 0
github.com/netcloth/netcloth-chain/app/v0/auth/types/stdtx.go:130.46,132.39 2 0
github.com/netcloth/netcloth-chain/app/v0/auth/types/stdtx.go:135.2,135.12 1 0
github.com/netcloth/netcloth-chain/app/v0/auth/types/stdtx.go:132.39,134.3 1 0
github.com/netcloth/netcloth-chain/app/v0/auth/types/stdtx.go:139.76,143.14 4 0
github.com/netcloth/netcloth-chain/app/v0/auth/types/stdtx.go:147.2,149.3 1 0
github.com/netcloth/netcloth-chain/app/v0/auth/types/stdtx.go:143.14,145.3 1 0
github.com/netcloth/netcloth-chain/app/v0/auth/types/stdtx.go:153.33,153.54 1 0
github.com/netcloth/netcloth-chain/app/v0/auth/types/stdtx.go:156.36,156.60 1 0
github.com/netcloth/netcloth-chain/app/v0/auth/types/stdtx.go:161.43,162.28 1 0
github.com/netcloth/netcloth-chain/app/v0/auth/types/stdtx.go:165.2,165.25 1 0
github.com/netcloth/netcloth-chain/app/v0/auth/types/stdtx.go:162.28,164.3 1 0
github.com/netcloth/netcloth-chain/app/v0/auth/types/stdtx.go:179.53,184.2 1 0
github.com/netcloth/netcloth-chain/app/v0/auth/types/stdtx.go:187.34,192.26 1 0
github.com/netcloth/netcloth-chain/app/v0/auth/types/stdtx.go:195.2,196.16 2 0
github.com/netcloth/netcloth-chain/app/v0/auth/types/stdtx.go:199.2,199.11 1 0
github.com/netcloth/netcloth-chain/app/v0/auth/types/stdtx.go:192.26,194.3 1 0
github.com/netcloth/netcloth-chain/app/v0/auth/types/stdtx.go:196.16,197.13 1 0
github.com/netcloth/netcloth-chain/app/v0/auth/types/stdtx.go:207.44,209.2 1 0
github.com/netcloth/netcloth-chain/app/v0/auth/types/stdtx.go:228.115,230.27 2 0
github.com/netcloth/netcloth-chain/app/v0/auth/types/stdtx.go:233.2,241.16 2 0
github.com/netcloth/netcloth-chain/app/v0/auth/types/stdtx.go:244.2,244.29 1 0
github.com/netcloth/netcloth-chain/app/v0/auth/types/stdtx.go:230.27,232.3 1 0
github.com/netcloth/netcloth-chain/app/v0/auth/types/stdtx.go:241.16,242.13 1 0
github.com/netcloth/netcloth-chain/app/v0/auth/types/stdtx.go:254.55,255.46 1 0
github.com/netcloth/netcloth-chain/app/v0/auth/types/stdtx.go:255.46,258.24 2 0
github.com/netcloth/netcloth-chain/app/v0/auth/types/stdtx.go:264.3,265.17 2 0
github.com/netcloth/netcloth-chain/app/v0/auth/types/stdtx.go:269.3,269.17 1 0
github.com/netcloth/netcloth-chain/app/v0/auth/types/stdtx.go:258.24,260.4 1 0
github.com/netcloth/netcloth-chain/app/v0/auth/types/stdtx.go:265.17,267.4 1 0
github.com/netcloth/netcloth-chain/app/v0/auth/types/stdtx.go:274.55,275.41 1 0
github.com/netcloth/netcloth-chain/app/v0/auth/types/stdtx.go:275.41,277.3 1 0
github.com/netcloth/netcloth-chain/app/v0/auth/types/stdtx.go:281.59,288.22 2 0
github.com/netcloth/netcloth-chain/app/v0/auth/types/stdtx.go:295.2,302.16 2 0
github.com/netcloth/netcloth-chain/app/v0/auth/types/stdtx.go:306.2,306.24 1 0
github.com/netcloth/netcloth-chain/app/v0/auth/types/stdtx.go:288.22,290.17 2 0
github.com/netcloth/netcloth-chain/app/v0/auth/types/stdtx.go:290.17,292.4 1 0
github.com/netcloth/netcloth-chain/app/v0/auth/types/stdtx.go:302.16,304.3 1 0
github.com/netcloth/netcloth-chain/app/v0/auth/types/account.go:36.76,45.2 1 0
github.com/netcloth/netcloth-chain/app/v0/auth/types/account.go:48.40,51.2 2 0
github.com/netcloth/netcloth-chain/app/v0/auth/types/account.go:54.42,56.2 1 0
github.com/netcloth/netcloth-chain/app/v0/auth/types/account.go:59.65,63.2 1 1
github.com/netcloth/netcloth-chain/app/v0/auth/types/account.go:66.52,68.2 1 3
github.com/netcloth/netcloth-chain/app/v0/auth/types/account.go:71.63,72.27 1 2
github.com/netcloth/netcloth-chain/app/v0/auth/types/account.go:75.2,76.12 2 1
github.com/netcloth/netcloth-chain/app/v0/auth/types/account.go:72.27,74.3 1 1
github.com/netcloth/netcloth-chain/app/v0/auth/types/account.go:80.50,82.2 1 3
github.com/netcloth/netcloth-chain/app/v0/auth/types/account.go:85.63,88.2 2 2
github.com/netcloth/netcloth-chain/app/v0/auth/types/account.go:91.46,93.2 1 0
github.com/netcloth/netcloth-chain/app/v0/auth/types/account.go:96.57,99.2 2 0
github.com/netcloth/netcloth-chain/app/v0/auth/types/account.go:102.51,104.2 1 0
github.com/netcloth/netcloth-chain/app/v0/auth/types/account.go:107.66,110.2 2 0
github.com/netcloth/netcloth-chain/app/v0/auth/types/account.go:113.46,115.2 1 0
github.com/netcloth/netcloth-chain/app/v0/auth/types/account.go:118.55,121.2 2 0
github.com/netcloth/netcloth-chain/app/v0/auth/types/account.go:124.46,126.2 1 0
github.com/netcloth/netcloth-chain/app/v0/auth/types/account.go:129.54,131.2 1 0
github.com/netcloth/netcloth-chain/app/v0/auth/types/account.go:147.63,149.2 1 0
github.com/netcloth/netcloth-chain/app/v0/auth/types/account.go:152.43,154.18 2 0
github.com/netcloth/netcloth-chain/app/v0/auth/types/account.go:157.2,157.44 1 0
github.com/netcloth/netcloth-chain/app/v0/auth/types/account.go:154.18,156.3 1 0
github.com/netcloth/netcloth-chain/app/v0/auth/types/account.go:163.49,166.19 3 0
github.com/netcloth/netcloth-chain/app/v0/auth/types/account.go:176.2,176.44 1 0
github.com/netcloth/netcloth-chain/app/v0/auth/types/account.go:166.19,168.3 1 0
github.com/netcloth/netcloth-chain/app/v0/auth/types/account.go:168.8,168.30 1 0
github.com/netcloth/netcloth-chain/app/v0/auth/types/account.go:168.30,171.3 1 0
github.com/netcloth/netcloth-chain/app/v0/auth/types/account.go:171.8,174.3 1 0
github.com/netcloth/netcloth-chain/app/v0/auth/types/account.go:176.44,177.77 1 0
github.com/netcloth/netcloth-chain/app/v0/auth/types/account.go:182.59,187.23 4 0
github.com/netcloth/netcloth-chain/app/v0/auth/types/account.go:194.2,207.16 2 0
github.com/netcloth/netcloth-chain/app/v0/auth/types/account.go:211.2,211.24 1 0
github.com/netcloth/netcloth-chain/app/v0/auth/types/account.go:187.23,189.17 2 0
github.com/netcloth/netcloth-chain/app/v0/auth/types/account.go:189.17,191.4 1 0
github.com/netcloth/netcloth-chain/app/v0/auth/types/account.go:207.16,209.3 1 0
github.com/netcloth/netcloth-chain/app/v0/auth/types/account.go:231.90,240.2 1 0
github.com/netcloth/netcloth-chain/app/v0/auth/types/account.go:243.47,246.2 2 0
github.com/netcloth/netcloth-chain/app/v0/auth/types/account.go:253.80,257.26 3 0
github.com/netcloth/netcloth-chain/app/v0/auth/types/account.go:272.2,272.23 1 0
github.com/netcloth/netcloth-chain/app/v0/auth/types/account.go:257.26,267.30 6 0
github.com/netcloth/netcloth-chain/app/v0/auth/types/account.go:267.30,269.4 1 0
github.com/netcloth/netcloth-chain/app/v0/auth/types/account.go:281.80,284.30 2 0
github.com/netcloth/netcloth-chain/app/v0/auth/types/account.go:284.30,293.54 4 0
github.com/netcloth/netcloth-chain/app/v0/auth/types/account.go:300.3,303.18 3 0
github.com/netcloth/netcloth-chain/app/v0/auth/types/account.go:308.3,308.18 1 0
github.com/netcloth/netcloth-chain/app/v0/auth/types/account.go:313.3,313.45 1 0
github.com/netcloth/netcloth-chain/app/v0/auth/types/account.go:293.54,294.69 1 0
github.com/netcloth/netcloth-chain/app/v0/auth/types/account.go:303.18,306.4 2 0
github.com/netcloth/netcloth-chain/app/v0/auth/types/account.go:308.18,311.4 2 0
github.com/netcloth/netcloth-chain/app/v0/auth/types/account.go:328.68,329.30 1 0
github.com/netcloth/netcloth-chain/app/v0/auth/types/account.go:329.30,331.27 1 0
github.com/netcloth/netcloth-chain/app/v0/auth/types/account.go:334.3,343.18 5 0
github.com/netcloth/netcloth-chain/app/v0/auth/types/account.go:348.3,348.18 1 0
github.com/netcloth/netcloth-chain/app/v0/auth/types/account.go:353.3,353.45 1 0
github.com/netcloth/netcloth-chain/app/v0/auth/types/account.go:331.27,332.49 1 0
github.com/netcloth/netcloth-chain/app/v0/auth/types/account.go:343.18,346.4 2 0
github.com/netcloth/netcloth-chain/app/v0/auth/types/account.go:348.18,351.4 2 0
github.com/netcloth/netcloth-chain/app/v0/auth/types/account.go:358.62,360.2 1 0
github.com/netcloth/netcloth-chain/app/v0/auth/types/account.go:364.60,366.2 1 0
github.com/netcloth/netcloth-chain/app/v0/auth/types/account.go:370.63,372.2 1 0
github.com/netcloth/netcloth-chain/app/v0/auth/types/account.go:389.45,395.2 1 0
github.com/netcloth/netcloth-chain/app/v0/auth/types/account.go:398.108,410.2 2 0
github.com/netcloth/netcloth-chain/app/v0/auth/types/account.go:412.53,415.2 2 0
github.com/netcloth/netcloth-chain/app/v0/auth/types/account.go:419.83,425.39 2 0
github.com/netcloth/netcloth-chain/app/v0/auth/types/account.go:432.2,436.42 4 0
github.com/netcloth/netcloth-chain/app/v0/auth/types/account.go:441.2,441.20 1 0
github.com/netcloth/netcloth-chain/app/v0/auth/types/account.go:425.39,427.3 1 0
github.com/netcloth/netcloth-chain/app/v0/auth/types/account.go:427.8,427.44 1 0
github.com/netcloth/netcloth-chain/app/v0/auth/types/account.go:427.44,429.3 1 0
github.com/netcloth/netcloth-chain/app/v0/auth/types/account.go:436.42,439.3 2 0
github.com/netcloth/netcloth-chain/app/v0/auth/types/account.go:446.84,448.2 1 0
github.com/netcloth/netcloth-chain/app/v0/auth/types/account.go:452.83,454.2 1 0
github.com/netcloth/netcloth-chain/app/v0/auth/types/account.go:459.93,461.2 1 0
github.com/netcloth/netcloth-chain/app/v0/auth/types/account.go:465.59,467.2 1 0
github.com/netcloth/netcloth-chain/app/v0/auth/types/account.go:470.57,472.2 1 0
github.com/netcloth/netcloth-chain/app/v0/auth/types/account.go:487.82,491.2 1 0
github.com/netcloth/netcloth-chain/app/v0/auth/types/account.go:494.91,502.2 2 0
github.com/netcloth/netcloth-chain/app/v0/auth/types/account.go:506.80,507.37 1 0
github.com/netcloth/netcloth-chain/app/v0/auth/types/account.go:511.2,511.12 1 0
github.com/netcloth/netcloth-chain/app/v0/auth/types/account.go:507.37,509.3 1 0
github.com/netcloth/netcloth-chain/app/v0/auth/types/account.go:516.81,518.2 1 0
github.com/netcloth/netcloth-chain/app/v0/auth/types/account.go:522.80,524.2 1 0
github.com/netcloth/netcloth-chain/app/v0/auth/types/account.go:529.90,531.2 1 0
github.com/netcloth/netcloth-chain/app/v0/auth/types/account.go:534.56,536.2 1 0
github.com/netcloth/netcloth-chain/app/v0/auth/types/account.go:539.54,541.2 1 0
github.com/netcloth/netcloth-chain/app/v0/auth/types/account_retriever.go:25.64,27.2 1 1
github.com/netcloth/netcloth-chain/app/v0/auth/types/account_retriever.go:31.86,34.2 2 3
github.com/netcloth/netcloth-chain/app/v0/auth/types/account_retriever.go:39.103,41.16 2 3
github.com/netcloth/netcloth-chain/app/v0/auth/types/account_retriever.go:45.2,46.16 2 3
github.com/netcloth/netcloth-chain/app/v0/auth/types/account_retriever.go:50.2,50.19 1 0
github.com/netcloth/netcloth-chain/app/v0/auth/types/account_retriever.go:54.2,55.63 2 0
github.com/netcloth/netcloth-chain/app/v0/auth/types/account_retriever.go:59.2,59.29 1 0
github.com/netcloth/netcloth-chain/app/v0/auth/types/account_retriever.go:41.16,43.3 1 0
github.com/netcloth/netcloth-chain/app/v0/auth/types/account_retriever.go:46.16,48.3 1 3
github.com/netcloth/netcloth-chain/app/v0/auth/types/account_retriever.go:50.19,52.3 1 0
github.com/netcloth/netcloth-chain/app/v0/auth/types/account_retriever.go:55.63,57.3 1 0
github.com/netcloth/netcloth-chain/app/v0/auth/types/account_retriever.go:63.68,64.47 1 1
github.com/netcloth/netcloth-chain/app/v0/auth/types/account_retriever.go:67.2,67.12 1 0
github.com/netcloth/netcloth-chain/app/v0/auth/types/account_retriever.go:64.47,66.3 1 1
github.com/netcloth/netcloth-chain/app/v0/auth/types/account_retriever.go:72.98,74.16 2 1
github.com/netcloth/netcloth-chain/app/v0/auth/types/account_retriever.go:77.2,77.55 1 0
github.com/netcloth/netcloth-chain/app/v0/auth/types/account_retriever.go:74.16,76.3 1 1
github.com/netcloth/netcloth-chain/app/v0/auth/types/txbuilder.go:35.13,50.2 1 0
github.com/netcloth/netcloth-chain/app/v0/auth/types/txbuilder.go:54.38,56.16 2 0
github.com/netcloth/netcloth-chain/app/v0/auth/types/txbuilder.go:59.2,73.15 4 0
github.com/netcloth/netcloth-chain/app/v0/auth/types/txbuilder.go:56.16,57.13 1 0
github.com/netcloth/netcloth-chain/app/v0/auth/types/txbuilder.go:77.49,77.74 1 0
github.com/netcloth/netcloth-chain/app/v0/auth/types/txbuilder.go:80.46,80.75 1 0
github.com/netcloth/netcloth-chain/app/v0/auth/types/txbuilder.go:83.41,83.65 1 0
github.com/netcloth/netcloth-chain/app/v0/auth/types/txbuilder.go:86.36,86.55 1 0
github.com/netcloth/netcloth-chain/app/v0/auth/types/txbuilder.go:89.47,89.76 1 0
github.com/netcloth/netcloth-chain/app/v0/auth/types/txbuilder.go:92.48,92.71 1 0
github.com/netcloth/netcloth-chain/app/v0/auth/types/txbuilder.go:96.49,96.83 1 0
github.com/netcloth/netcloth-chain/app/v0/auth/types/txbuilder.go:99.40,99.63 1 0
github.com/netcloth/netcloth-chain/app/v0/auth/types/txbuilder.go:102.37,102.57 1 0
github.com/netcloth/netcloth-chain/app/v0/auth/types/txbuilder.go:105.40,105.60 1 0
github.com/netcloth/netcloth-chain/app/v0/auth/types/txbuilder.go:108.48,108.73 1 0
github.com/netcloth/netcloth-chain/app/v0/auth/types/txbuilder.go:111.72,114.2 2 0
github.com/netcloth/netcloth-chain/app/v0/auth/types/txbuilder.go:117.61,120.2 2 0
github.com/netcloth/netcloth-chain/app/v0/auth/types/txbuilder.go:123.53,126.2 2 0
github.com/netcloth/netcloth-chain/app/v0/auth/types/txbuilder.go:129.55,131.16 2 0
github.com/netcloth/netcloth-chain/app/v0/auth/types/txbuilder.go:135.2,136.13 2 0
github.com/netcloth/netcloth-chain/app/v0/auth/types/txbuilder.go:131.16,132.13 1 0
github.com/netcloth/netcloth-chain/app/v0/auth/types/txbuilder.go:140.65,142.16 2 0
github.com/netcloth/netcloth-chain/app/v0/auth/types/txbuilder.go:146.2,147.13 2 0
github.com/netcloth/netcloth-chain/app/v0/auth/types/txbuilder.go:142.16,143.13 1 0
github.com/netcloth/netcloth-chain/app/v0/auth/types/txbuilder.go:151.69,154.2 2 0
github.com/netcloth/netcloth-chain/app/v0/auth/types/txbuilder.go:157.63,160.2 2 0
github.com/netcloth/netcloth-chain/app/v0/auth/types/txbuilder.go:163.55,166.2 2 0
github.com/netcloth/netcloth-chain/app/v0/auth/types/txbuilder.go:169.66,172.2 2 0
github.com/netcloth/netcloth-chain/app/v0/auth/types/txbuilder.go:177.72,178.24 1 0
github.com/netcloth/netcloth-chain/app/v0/auth/types/txbuilder.go:182.2,183.30 2 0
github.com/netcloth/netcloth-chain/app/v0/auth/types/txbuilder.go:199.2,206.8 1 0
github.com/netcloth/netcloth-chain/app/v0/auth/types/txbuilder.go:178.24,180.3 1 0
github.com/netcloth/netcloth-chain/app/v0/auth/types/txbuilder.go:183.30,184.21 1 0
github.com/netcloth/netcloth-chain/app/v0/auth/types/txbuilder.go:188.3,193.37 3 0
github.com/netcloth/netcloth-chain/app/v0/auth/types/txbuilder.go:184.21,186.4 1 0
github.com/netcloth/netcloth-chain/app/v0/auth/types/txbuilder.go:193.37,196.4 2 0
github.com/netcloth/netcloth-chain/app/v0/auth/types/txbuilder.go:211.85,213.16 2 0
github.com/netcloth/netcloth-chain/app/v0/auth/types/txbuilder.go:217.2,217.83 1 0
github.com/netcloth/netcloth-chain/app/v0/auth/types/txbuilder.go:213.16,215.3 1 0
github.com/netcloth/netcloth-chain/app/v0/auth/types/txbuilder.go:222.93,224.16 2 0
github.com/netcloth/netcloth-chain/app/v0/auth/types/txbuilder.go:228.2,228.41 1 0
github.com/netcloth/netcloth-chain/app/v0/auth/types/txbuilder.go:224.16,226.3 1 0
github.com/netcloth/netcloth-chain/app/v0/auth/types/txbuilder.go:233.69,235.16 2 0
github.com/netcloth/netcloth-chain/app/v0/auth/types/txbuilder.go:240.2,241.80 2 0
github.com/netcloth/netcloth-chain/app/v0/auth/types/txbuilder.go:235.16,237.3 1 0
github.com/netcloth/netcloth-chain/app/v0/auth/types/txbuilder.go:246.118,247.24 1 0
github.com/netcloth/netcloth-chain/app/v0/auth/types/txbuilder.go:251.2,259.16 2 0
github.com/netcloth/netcloth-chain/app/v0/auth/types/txbuilder.go:263.2,264.34 2 0
github.com/netcloth/netcloth-chain/app/v0/auth/types/txbuilder.go:269.2,270.8 2 0
github.com/netcloth/netcloth-chain/app/v0/auth/types/txbuilder.go:247.24,249.3 1 0
github.com/netcloth/netcloth-chain/app/v0/auth/types/txbuilder.go:259.16,261.3 1 0
github.com/netcloth/netcloth-chain/app/v0/auth/types/txbuilder.go:264.34,266.3 1 0
github.com/netcloth/netcloth-chain/app/v0/auth/types/txbuilder.go:266.8,268.3 1 0
github.com/netcloth/netcloth-chain/app/v0/auth/types/txbuilder.go:275.48,276.20 1 0
github.com/netcloth/netcloth-chain/app/v0/auth/types/txbuilder.go:283.2,284.16 2 0
github.com/netcloth/netcloth-chain/app/v0/auth/types/txbuilder.go:287.2,290.8 1 0
github.com/netcloth/netcloth-chain/app/v0/auth/types/txbuilder.go:276.20,278.17 2 0
github.com/netcloth/netcloth-chain/app/v0/auth/types/txbuilder.go:278.17,280.4 1 0
github.com/netcloth/netcloth-chain/app/v0/auth/types/txbuilder.go:284.16,286.3 1 0
github.com/netcloth/netcloth-chain/app/v0/auth/types/test_common.go:11.55,13.2 1 0
github.com/netcloth/netcloth-chain/app/v0/auth/types/test_common.go:15.29,19.2 1 0
github.com/netcloth/netcloth-chain/app/v0/auth/types/test_common.go:22.31,26.2 1 0
github.com/netcloth/netcloth-chain/app/v0/auth/types/test_common.go:28.71,33.2 4 2
github.com/netcloth/netcloth-chain/app/v0/auth/types/test_common.go:35.125,37.29 2 0
github.com/netcloth/netcloth-chain/app/v0/auth/types/test_common.go:48.2,49.11 2 0
github.com/netcloth/netcloth-chain/app/v0/auth/types/test_common.go:37.29,41.17 3 0
github.com/netcloth/netcloth-chain/app/v0/auth/types/test_common.go:45.3,45.64 1 0
github.com/netcloth/netcloth-chain/app/v0/auth/types/test_common.go:41.17,42.14 1 0
github.com/netcloth/netcloth-chain/app/v0/auth/types/test_common.go:52.146,54.29 2 0
github.com/netcloth/netcloth-chain/app/v0/auth/types/test_common.go:65.2,66.11 2 0
github.com/netcloth/netcloth-chain/app/v0/auth/types/test_common.go:54.29,58.17 3 0
github.com/netcloth/netcloth-chain/app/v0/auth/types/test_common.go:62.3,62.64 1 0
github.com/netcloth/netcloth-chain/app/v0/auth/types/test_common.go:58.17,59.14 1 0
github.com/netcloth/netcloth-chain/app/v0/auth/types/test_common.go:69.152,71.29 2 0
github.com/netcloth/netcloth-chain/app/v0/auth/types/test_common.go:80.2,81.11 2 0
github.com/netcloth/netcloth-chain/app/v0/auth/types/test_common.go:71.29,73.17 2 0
github.com/netcloth/netcloth-chain/app/v0/auth/types/test_common.go:77.3,77.64 1 0
github.com/netcloth/netcloth-chain/app/v0/auth/types/test_common.go:73.17,74.14 1 0
github.com/netcloth/netcloth-chain/app/v0/auth/types/genesis.go:13.50,15.2 1 0
github.com/netcloth/netcloth-chain/app/v0/auth/types/genesis.go:18.41,20.2 1 0
github.com/netcloth/netcloth-chain/app/v0/auth/types/genesis.go:24.47,25.33 1 0
github.com/netcloth/netcloth-chain/app/v0/auth/types/genesis.go:28.2,28.43 1 0
github.com/netcloth/netcloth-chain/app/v0/auth/types/genesis.go:31.2,31.45 1 0
github.com/netcloth/netcloth-chain/app/v0/auth/types/genesis.go:34.2,34.40 1 0
github.com/netcloth/netcloth-chain/app/v0/auth/types/genesis.go:37.2,37.40 1 0
github.com/netcloth/netcloth-chain/app/v0/auth/types/genesis.go:40.2,40.12 1 0
github.com/netcloth/netcloth-chain/app/v0/auth/types/genesis.go:25.33,27.3 1 0
github.com/netcloth/netcloth-chain/app/v0/auth/types/genesis.go:28.43,30.3 1 0
github.com/netcloth/netcloth-chain/app/v0/auth/types/genesis.go:31.45,33.3 1 0
github.com/netcloth/netcloth-chain/app/v0/auth/types/genesis.go:34.40,36.3 1 0
github.com/netcloth/netcloth-chain/app/v0/auth/types/genesis.go:37.40,39.3 1 0
github.com/netcloth/netcloth-chain/app/v0/auth/types/params.go:50.62,60.2 1 0
github.com/netcloth/netcloth-chain/app/v0/auth/types/params.go:63.40,65.2 1 0
github.com/netcloth/netcloth-chain/app/v0/auth/types/params.go:70.57,79.2 1 0
github.com/netcloth/netcloth-chain/app/v0/auth/types/params.go:82.39,86.2 3 0
github.com/netcloth/netcloth-chain/app/v0/auth/types/params.go:89.29,98.2 1 2
github.com/netcloth/netcloth-chain/app/v0/auth/types/params.go:101.33,104.2 2 0
github.com/netcloth/netcloth-chain/app/v0/auth/types/params.go:106.53,108.9 2 0
github.com/netcloth/netcloth-chain/app/v0/auth/types/params.go:112.2,112.12 1 0
github.com/netcloth/netcloth-chain/app/v0/auth/types/params.go:116.2,116.12 1 0
github.com/netcloth/netcloth-chain/app/v0/auth/types/params.go:108.9,110.3 1 0
github.com/netcloth/netcloth-chain/app/v0/auth/types/params.go:112.12,114.3 1 0
github.com/netcloth/netcloth-chain/app/v0/auth/types/params.go:119.46,121.9 2 0
github.com/netcloth/netcloth-chain/app/v0/auth/types/params.go:125.2,125.12 1 0
github.com/netcloth/netcloth-chain/app/v0/auth/types/params.go:129.2,129.12 1 0
github.com/netcloth/netcloth-chain/app/v0/auth/types/params.go:121.9,123.3 1 0
github.com/netcloth/netcloth-chain/app/v0/auth/types/params.go:125.12,127.3 1 0
github.com/netcloth/netcloth-chain/app/v0/auth/types/params.go:132.56,134.9 2 0
github.com/netcloth/netcloth-chain/app/v0/auth/types/params.go:138.2,138.12 1 0
github.com/netcloth/netcloth-chain/app/v0/auth/types/params.go:142.2,142.12 1 0
github.com/netcloth/netcloth-chain/app/v0/auth/types/params.go:134.9,136.3 1 0
github.com/netcloth/netcloth-chain/app/v0/auth/types/params.go:138.12,140.3 1 0
github.com/netcloth/netcloth-chain/app/v0/auth/types/params.go:145.58,147.9 2 0
github.com/netcloth/netcloth-chain/app/v0/auth/types/params.go:151.2,151.12 1 0
github.com/netcloth/netcloth-chain/app/v0/auth/types/params.go:155.2,155.12 1 0
github.com/netcloth/netcloth-chain/app/v0/auth/types/params.go:147.9,149.3 1 0
github.com/netcloth/netcloth-chain/app/v0/auth/types/params.go:151.12,153.3 1 0
github.com/netcloth/netcloth-chain/app/v0/auth/types/params.go:158.53,160.9 2 0
github.com/netcloth/netcloth-chain/app/v0/auth/types/params.go:164.2,164.12 1 0
github.com/netcloth/netcloth-chain/app/v0/auth/types/params.go:168.2,168.12 1 0
github.com/netcloth/netcloth-chain/app/v0/auth/types/params.go:160.9,162.3 1 0
github.com/netcloth/netcloth-chain/app/v0/auth/types/params.go:164.12,166.3 1 0
github.com/netcloth/netcloth-chain/app/v0/auth/types/params.go:171.53,173.9 2 0
github.com/netcloth/netcloth-chain/app/v0/auth/types/params.go:177.2,177.12 1 0
github.com/netcloth/netcloth-chain/app/v0/auth/types/params.go:181.2,181.12 1 0
github.com/netcloth/netcloth-chain/app/v0/auth/types/params.go:173.9,175.3 1 0
github.com/netcloth/netcloth-chain/app/v0/auth/types/params.go:177.12,179.3 1 0
github.com/netcloth/netcloth-chain/app/v0/auth/types/params.go:185.34,186.57 1 0
github.com/netcloth/netcloth-chain/app/v0/auth/types/params.go:189.2,189.77 1 0
github.com/netcloth/netcloth-chain/app/v0/auth/types/params.go:192.2,192.81 1 0
github.com/netcloth/netcloth-chain/app/v0/auth/types/params.go:195.2,195.76 1 0
github.com/netcloth/netcloth-chain/app/v0/auth/types/params.go:198.2,198.71 1 0
github.com/netcloth/netcloth-chain/app/v0/auth/types/params.go:202.2,202.12 1 0
github.com/netcloth/netcloth-chain/app/v0/auth/types/params.go:186.57,188.3 1 0
github.com/netcloth/netcloth-chain/app/v0/auth/types/params.go:189.77,191.3 1 0
github.com/netcloth/netcloth-chain/app/v0/auth/types/params.go:192.81,194.3 1 0
github.com/netcloth/netcloth-chain/app/v0/auth/types/params.go:195.76,197.3 1 0
github.com/netcloth/netcloth-chain/app/v0/auth/types/params.go:198.71,200.3 1 0
github.com/netcloth/netcloth-chain/app/v0/auth/context.go:11.66,13.2 1 0
github.com/netcloth/netcloth-chain/app/v0/auth/context.go:15.44,17.14 2 0
github.com/netcloth/netcloth-chain/app/v0/auth/context.go:20.2,20.20 1 0
github.com/netcloth/netcloth-chain/app/v0/auth/context.go:17.14,19.3 1 0
github.com/netcloth/netcloth-chain/app/v0/auth/genesis.go:11.72,13.2 1 0
github.com/netcloth/netcloth-chain/app/v0/auth/genesis.go:16.68,19.2 2 0
github.com/netcloth/netcloth-chain/app/v0/auth/keeper.go:37.17,45.2 1 4
github.com/netcloth/netcloth-chain/app/v0/auth/keeper.go:48.60,50.2 1 0
github.com/netcloth/netcloth-chain/app/v0/auth/keeper.go:53.102,56.16 3 3
github.com/netcloth/netcloth-chain/app/v0/auth/keeper.go:60.2,61.16 2 3
github.com/netcloth/netcloth-chain/app/v0/auth/keeper.go:65.2,65.12 1 3
github.com/netcloth/netcloth-chain/app/v0/auth/keeper.go:56.16,58.13 1 0
github.com/netcloth/netcloth-chain/app/v0/auth/keeper.go:61.16,63.13 1 0
github.com/netcloth/netcloth-chain/app/v0/auth/keeper.go:69.92,70.75 1 0
github.com/netcloth/netcloth-chain/app/v0/auth/keeper.go:73.2,73.12 1 0
github.com/netcloth/netcloth-chain/app/v0/auth/keeper.go:70.75,71.13 1 0
github.com/netcloth/netcloth-chain/app/v0/auth/keeper.go:77.91,80.15 3 6
github.com/netcloth/netcloth-chain/app/v0/auth/keeper.go:83.2,84.12 2 3
github.com/netcloth/netcloth-chain/app/v0/auth/keeper.go:80.15,82.3 1 3
github.com/netcloth/netcloth-chain/app/v0/auth/keeper.go:88.76,90.58 2 0
github.com/netcloth/netcloth-chain/app/v0/auth/keeper.go:94.2,95.17 2 0
github.com/netcloth/netcloth-chain/app/v0/auth/keeper.go:90.58,93.3 2 0
github.com/netcloth/netcloth-chain/app/v0/auth/keeper.go:99.75,103.16 4 3
github.com/netcloth/netcloth-chain/app/v0/auth/keeper.go:106.2,106.44 1 3
github.com/netcloth/netcloth-chain/app/v0/auth/keeper.go:103.16,104.13 1 0
github.com/netcloth/netcloth-chain/app/v0/auth/keeper.go:111.78,115.2 3 1
github.com/netcloth/netcloth-chain/app/v0/auth/keeper.go:118.102,122.6 4 0
github.com/netcloth/netcloth-chain/app/v0/auth/keeper.go:122.6,123.20 1 0
github.com/netcloth/netcloth-chain/app/v0/auth/keeper.go:126.3,128.19 3 0
github.com/netcloth/netcloth-chain/app/v0/auth/keeper.go:131.3,131.14 1 0
github.com/netcloth/netcloth-chain/app/v0/auth/keeper.go:123.20,125.4 1 0
github.com/netcloth/netcloth-chain/app/v0/auth/keeper.go:128.19,130.4 1 0
github.com/netcloth/netcloth-chain/app/v0/auth/keeper.go:136.96,138.16 2 0
github.com/netcloth/netcloth-chain/app/v0/auth/keeper.go:141.2,141.29 1 0
github.com/netcloth/netcloth-chain/app/v0/auth/keeper.go:138.16,140.3 1 0
github.com/netcloth/netcloth-chain/app/v0/auth/keeper.go:145.91,147.16 2 0
github.com/netcloth/netcloth-chain/app/v0/auth/keeper.go:150.2,150.31 1 0
github.com/netcloth/netcloth-chain/app/v0/auth/keeper.go:147.16,149.3 1 0
github.com/netcloth/netcloth-chain/app/v0/auth/keeper.go:154.70,158.15 4 3
github.com/netcloth/netcloth-chain/app/v0/auth/keeper.go:167.2,170.18 3 3
github.com/netcloth/netcloth-chain/app/v0/auth/keeper.go:158.15,160.3 1 2
github.com/netcloth/netcloth-chain/app/v0/auth/keeper.go:160.8,162.17 2 1
github.com/netcloth/netcloth-chain/app/v0/auth/keeper.go:162.17,163.14 1 0
github.com/netcloth/netcloth-chain/app/v0/auth/keeper.go:177.73,179.2 1 2
github.com/netcloth/netcloth-chain/app/v0/auth/keeper.go:182.74,185.2 2 1
github.com/netcloth/netcloth-chain/app/v0/auth/keeper.go:190.73,192.16 2 3
github.com/netcloth/netcloth-chain/app/v0/auth/keeper.go:195.2,195.8 1 3
github.com/netcloth/netcloth-chain/app/v0/auth/keeper.go:192.16,193.13 1 0
github.com/netcloth/netcloth-chain/app/v0/auth/module.go:32.37,34.2 1 0
github.com/netcloth/netcloth-chain/app/v0/auth/module.go:37.55,39.2 1 0
github.com/netcloth/netcloth-chain/app/v0/auth/module.go:42.56,44.2 1 0
github.com/netcloth/netcloth-chain/app/v0/auth/module.go:47.65,50.16 3 0
github.com/netcloth/netcloth-chain/app/v0/auth/module.go:53.2,53.36 1 0
github.com/netcloth/netcloth-chain/app/v0/auth/module.go:50.16,52.3 1 0
github.com/netcloth/netcloth-chain/app/v0/auth/module.go:57.83,59.2 1 0
github.com/netcloth/netcloth-chain/app/v0/auth/module.go:62.65,64.2 1 0
github.com/netcloth/netcloth-chain/app/v0/auth/module.go:67.68,69.2 1 0
github.com/netcloth/netcloth-chain/app/v0/auth/module.go:79.58,84.2 1 0
github.com/netcloth/netcloth-chain/app/v0/auth/module.go:87.32,89.2 1 0
github.com/netcloth/netcloth-chain/app/v0/auth/module.go:92.63,92.64 0 0
github.com/netcloth/netcloth-chain/app/v0/auth/module.go:95.33,95.46 1 0
github.com/netcloth/netcloth-chain/app/v0/auth/module.go:98.43,98.57 1 0
github.com/netcloth/netcloth-chain/app/v0/auth/module.go:101.40,103.2 1 0
github.com/netcloth/netcloth-chain/app/v0/auth/module.go:106.53,108.2 1 0
github.com/netcloth/netcloth-chain/app/v0/auth/module.go:111.95,116.2 4 0
github.com/netcloth/netcloth-chain/app/v0/auth/module.go:119.68,122.2 2 0
github.com/netcloth/netcloth-chain/app/v0/auth/module.go:125.71,125.72 0 0
github.com/netcloth/netcloth-chain/app/v0/auth/module.go:128.89,130.2 1 0
github.com/netcloth/netcloth-chain/app/v0/auth/module.go:133.76,135.2 1 0
github.com/netcloth/netcloth-chain/app/v0/auth/module.go:138.102,140.2 1 0
github.com/netcloth/netcloth-chain/app/v0/auth/module.go:143.106,145.2 1 0
github.com/netcloth/netcloth-chain/app/v0/auth/module.go:148.75,150.2 1 0
github.com/netcloth/netcloth-chain/app/v0/auth/querier.go:13.51,14.85 1 0
github.com/netcloth/netcloth-chain/app/v0/auth/querier.go:14.85,15.18 1 0
github.com/netcloth/netcloth-chain/app/v0/auth/querier.go:16.27,17.41 1 0
github.com/netcloth/netcloth-chain/app/v0/auth/querier.go:19.26,20.35 1 0
github.com/netcloth/netcloth-chain/app/v0/auth/querier.go:22.11,23.95 1 0
github.com/netcloth/netcloth-chain/app/v0/auth/querier.go:28.97,30.68 2 0
github.com/netcloth/netcloth-chain/app/v0/auth/querier.go:34.2,35.20 2 0
github.com/netcloth/netcloth-chain/app/v0/auth/querier.go:39.2,40.16 2 0
github.com/netcloth/netcloth-chain/app/v0/auth/querier.go:44.2,44.16 1 0
github.com/netcloth/netcloth-chain/app/v0/auth/querier.go:30.68,32.3 1 0
github.com/netcloth/netcloth-chain/app/v0/auth/querier.go:35.20,37.3 1 0
github.com/netcloth/netcloth-chain/app/v0/auth/querier.go:40.16,42.3 1 0
github.com/netcloth/netcloth-chain/app/v0/auth/querier.go:47.68,51.16 3 0
github.com/netcloth/netcloth-chain/app/v0/auth/querier.go:55.2,55.17 1 0
github.com/netcloth/netcloth-chain/app/v0/auth/querier.go:51.16,53.3 1 0
github.com/netcloth/netcloth-chain/app/v0/auth/refund.go:15.71,20.2 1 0
github.com/netcloth/netcloth-chain/app/v0/auth/refund.go:22.114,23.99 1 0
github.com/netcloth/netcloth-chain/app/v0/auth/refund.go:23.99,25.23 2 0
github.com/netcloth/netcloth-chain/app/v0/auth/refund.go:29.3,30.10 2 0
github.com/netcloth/netcloth-chain/app/v0/auth/refund.go:33.3,38.45 3 0
github.com/netcloth/netcloth-chain/app/v0/auth/refund.go:43.3,47.29 4 0
github.com/netcloth/netcloth-chain/app/v0/auth/refund.go:50.3,51.17 2 0
github.com/netcloth/netcloth-chain/app/v0/auth/refund.go:55.3,55.28 1 0
github.com/netcloth/netcloth-chain/app/v0/auth/refund.go:25.23,27.4 1 0
github.com/netcloth/netcloth-chain/app/v0/auth/refund.go:30.10,32.4 1 0
github.com/netcloth/netcloth-chain/app/v0/auth/refund.go:38.45,41.4 2 0
github.com/netcloth/netcloth-chain/app/v0/auth/refund.go:47.29,49.4 1 0
github.com/netcloth/netcloth-chain/app/v0/auth/refund.go:51.17,53.4 1 0
github.com/netcloth/netcloth-chain/app/v0/auth/refund.go:59.115,60.21 1 0
github.com/netcloth/netcloth-chain/app/v0/auth/refund.go:65.2,66.16 2 0
github.com/netcloth/netcloth-chain/app/v0/auth/refund.go:70.2,70.27 1 0
github.com/netcloth/netcloth-chain/app/v0/auth/refund.go:60.21,62.3 1 0
github.com/netcloth/netcloth-chain/app/v0/auth/refund.go:66.16,68.3 1 0
github.com/netcloth/netcloth-chain/app/v0/auth/refund.go:73.39,74.35 1 0
github.com/netcloth/netcloth-chain/app/v0/auth/refund.go:77.2,77.78 1 0
github.com/netcloth/netcloth-chain/app/v0/auth/refund.go:74.35,76.3 1 0
github.com/netcloth/netcloth-chain/app/v0/auth/test_utils.go:21.33,40.2 14 4
github.com/netcloth/netcloth-chain/app/v0/auth/ante/setup.go:26.55,28.2 1 0
github.com/netcloth/netcloth-chain/app/v0/auth/ante/setup.go:30.142,33.9 2 0
github.com/netcloth/netcloth-chain/app/v0/auth/ante/setup.go:40.2,47.15 2 0
github.com/netcloth/netcloth-chain/app/v0/auth/ante/setup.go:58.2,58.35 1 0
github.com/netcloth/netcloth-chain/app/v0/auth/ante/setup.go:33.9,38.3 2 0
github.com/netcloth/netcloth-chain/app/v0/auth/ante/setup.go:47.15,48.31 1 0
github.com/netcloth/netcloth-chain/app/v0/auth/ante/setup.go:48.31,49.29 1 0
github.com/netcloth/netcloth-chain/app/v0/auth/ante/setup.go:50.27,52.72 1 0
github.com/netcloth/netcloth-chain/app/v0/auth/ante/setup.go:53.12,54.13 1 0
github.com/netcloth/netcloth-chain/app/v0/auth/ante/setup.go:62.79,65.40 1 0
github.com/netcloth/netcloth-chain/app/v0/auth/ante/setup.go:69.2,69.52 1 0
github.com/netcloth/netcloth-chain/app/v0/auth/ante/setup.go:65.40,67.3 1 0
github.com/netcloth/netcloth-chain/app/v0/auth/ante/sigverify.go:48.70,52.2 1 0
github.com/netcloth/netcloth-chain/app/v0/auth/ante/sigverify.go:54.129,56.9 2 0
github.com/netcloth/netcloth-chain/app/v0/auth/ante/sigverify.go:60.2,63.29 3 0
github.com/netcloth/netcloth-chain/app/v0/auth/ante/sigverify.go:92.2,92.32 1 0
github.com/netcloth/netcloth-chain/app/v0/auth/ante/sigverify.go:56.9,58.3 1 0
github.com/netcloth/netcloth-chain/app/v0/auth/ante/sigverify.go:63.29,65.16 1 0
github.com/netcloth/netcloth-chain/app/v0/auth/ante/sigverify.go:72.3,72.58 1 0
github.com/netcloth/netcloth-chain/app/v0/auth/ante/sigverify.go:77.3,78.17 2 0
github.com/netcloth/netcloth-chain/app/v0/auth/ante/sigverify.go:82.3,82.29 1 0
github.com/netcloth/netcloth-chain/app/v0/auth/ante/sigverify.go:85.3,86.17 2 0
github.com/netcloth/netcloth-chain/app/v0/auth/ante/sigverify.go:89.3,89.31 1 0
github.com/netcloth/netcloth-chain/app/v0/auth/ante/sigverify.go:65.16,66.17 1 0
github.com/netcloth/netcloth-chain/app/v0/auth/ante/sigverify.go:69.4,69.27 1 0
github.com/netcloth/netcloth-chain/app/v0/auth/ante/sigverify.go:66.17,67.13 1 0
github.com/netcloth/netcloth-chain/app/v0/auth/ante/sigverify.go:72.58,75.4 1 0
github.com/netcloth/netcloth-chain/app/v0/auth/ante/sigverify.go:78.17,80.4 1 0
github.com/netcloth/netcloth-chain/app/v0/auth/ante/sigverify.go:82.29,83.12 1 0
github.com/netcloth/netcloth-chain/app/v0/auth/ante/sigverify.go:86.17,88.4 1 0
github.com/netcloth/netcloth-chain/app/v0/auth/ante/sigverify.go:104.127,109.2 1 0
github.com/netcloth/netcloth-chain/app/v0/auth/ante/sigverify.go:111.144,113.9 2 0
github.com/netcloth/netcloth-chain/app/v0/auth/ante/sigverify.go:117.2,124.27 4 0
github.com/netcloth/netcloth-chain/app/v0/auth/ante/sigverify.go:146.2,146.32 1 0
github.com/netcloth/netcloth-chain/app/v0/auth/ante/sigverify.go:113.9,115.3 1 0
github.com/netcloth/netcloth-chain/app/v0/auth/ante/sigverify.go:124.27,126.17 2 0
github.com/netcloth/netcloth-chain/app/v0/auth/ante/sigverify.go:129.3,131.32 2 0
github.com/netcloth/netcloth-chain/app/v0/auth/ante/sigverify.go:140.3,141.17 2 0
github.com/netcloth/netcloth-chain/app/v0/auth/ante/sigverify.go:126.17,128.4 1 0
github.com/netcloth/netcloth-chain/app/v0/auth/ante/sigverify.go:131.32,136.21 1 0
github.com/netcloth/netcloth-chain/app/v0/auth/ante/sigverify.go:136.21,138.5 1 0
github.com/netcloth/netcloth-chain/app/v0/auth/ante/sigverify.go:141.17,143.4 1 0
github.com/netcloth/netcloth-chain/app/v0/auth/ante/sigverify.go:158.82,162.2 1 0
github.com/netcloth/netcloth-chain/app/v0/auth/ante/sigverify.go:164.145,166.23 1 0
github.com/netcloth/netcloth-chain/app/v0/auth/ante/sigverify.go:169.2,170.9 2 0
github.com/netcloth/netcloth-chain/app/v0/auth/ante/sigverify.go:176.2,184.35 4 0
github.com/netcloth/netcloth-chain/app/v0/auth/ante/sigverify.go:188.2,188.27 1 0
github.com/netcloth/netcloth-chain/app/v0/auth/ante/sigverify.go:209.2,209.32 1 0
github.com/netcloth/netcloth-chain/app/v0/auth/ante/sigverify.go:166.23,168.3 1 0
github.com/netcloth/netcloth-chain/app/v0/auth/ante/sigverify.go:170.9,172.3 1 0
github.com/netcloth/netcloth-chain/app/v0/auth/ante/sigverify.go:184.35,186.3 1 0
github.com/netcloth/netcloth-chain/app/v0/auth/ante/sigverify.go:188.27,190.17 2 0
github.com/netcloth/netcloth-chain/app/v0/auth/ante/sigverify.go:195.3,199.33 3 0
github.com/netcloth/netcloth-chain/app/v0/auth/ante/sigverify.go:204.3,204.55 1 0
github.com/netcloth/netcloth-chain/app/v0/auth/ante/sigverify.go:190.17,192.4 1 0
github.com/netcloth/netcloth-chain/app/v0/auth/ante/sigverify.go:199.33,201.4 1 0
github.com/netcloth/netcloth-chain/app/v0/auth/ante/sigverify.go:204.55,206.4 1 0
github.com/netcloth/netcloth-chain/app/v0/auth/ante/sigverify.go:225.86,229.2 1 0
github.com/netcloth/netcloth-chain/app/v0/auth/ante/sigverify.go:231.136,233.34 1 0
github.com/netcloth/netcloth-chain/app/v0/auth/ante/sigverify.go:237.2,238.9 2 0
github.com/netcloth/netcloth-chain/app/v0/auth/ante/sigverify.go:243.2,243.42 1 0
github.com/netcloth/netcloth-chain/app/v0/auth/ante/sigverify.go:251.2,251.32 1 0
github.com/netcloth/netcloth-chain/app/v0/auth/ante/sigverify.go:233.34,235.3 1 0
github.com/netcloth/netcloth-chain/app/v0/auth/ante/sigverify.go:238.9,240.3 1 0
github.com/netcloth/netcloth-chain/app/v0/auth/ante/sigverify.go:243.42,245.64 2 0
github.com/netcloth/netcloth-chain/app/v0/auth/ante/sigverify.go:248.3,248.30 1 0
github.com/netcloth/netcloth-chain/app/v0/auth/ante/sigverify.go:245.64,246.14 1 0
github.com/netcloth/netcloth-chain/app/v0/auth/ante/sigverify.go:262.84,266.2 1 0
github.com/netcloth/netcloth-chain/app/v0/auth/ante/sigverify.go:268.136,270.9 2 0
github.com/netcloth/netcloth-chain/app/v0/auth/ante/sigverify.go:274.2,278.29 4 0
github.com/netcloth/netcloth-chain/app/v0/auth/ante/sigverify.go:286.2,286.32 1 0
github.com/netcloth/netcloth-chain/app/v0/auth/ante/sigverify.go:270.9,272.3 1 0
github.com/netcloth/netcloth-chain/app/v0/auth/ante/sigverify.go:278.29,280.43 2 0
github.com/netcloth/netcloth-chain/app/v0/auth/ante/sigverify.go:280.43,283.4 1 0
github.com/netcloth/netcloth-chain/app/v0/auth/ante/sigverify.go:294.9,295.33 1 0
github.com/netcloth/netcloth-chain/app/v0/auth/ante/sigverify.go:296.29,298.91 2 0
github.com/netcloth/netcloth-chain/app/v0/auth/ante/sigverify.go:300.33,302.13 2 0
github.com/netcloth/netcloth-chain/app/v0/auth/ante/sigverify.go:304.40,309.13 4 0
github.com/netcloth/netcloth-chain/app/v0/auth/ante/sigverify.go:311.10,312.97 1 0
github.com/netcloth/netcloth-chain/app/v0/auth/ante/sigverify.go:319.23,322.28 3 0
github.com/netcloth/netcloth-chain/app/v0/auth/ante/sigverify.go:322.28,323.31 1 0
github.com/netcloth/netcloth-chain/app/v0/auth/ante/sigverify.go:323.31,326.4 2 0
github.com/netcloth/netcloth-chain/app/v0/auth/ante/sigverify.go:332.106,333.49 1 0
github.com/netcloth/netcloth-chain/app/v0/auth/ante/sigverify.go:336.2,336.93 1 0
github.com/netcloth/netcloth-chain/app/v0/auth/ante/sigverify.go:333.49,335.3 1 0
github.com/netcloth/netcloth-chain/app/v0/auth/ante/ante.go:13.142,28.2 1 0
github.com/netcloth/netcloth-chain/app/v0/auth/ante/basic.go:23.57,25.2 1 0
github.com/netcloth/netcloth-chain/app/v0/auth/ante/basic.go:27.132,29.23 1 0
github.com/netcloth/netcloth-chain/app/v0/auth/ante/basic.go:32.2,32.43 1 0
github.com/netcloth/netcloth-chain/app/v0/auth/ante/basic.go:36.2,36.32 1 0
github.com/netcloth/netcloth-chain/app/v0/auth/ante/basic.go:29.23,31.3 1 0
github.com/netcloth/netcloth-chain/app/v0/auth/ante/basic.go:32.43,34.3 1 0
github.com/netcloth/netcloth-chain/app/v0/auth/ante/basic.go:52.76,56.2 1 0
github.com/netcloth/netcloth-chain/app/v0/auth/ante/basic.go:58.131,60.9 2 0
github.com/netcloth/netcloth-chain/app/v0/auth/ante/basic.go:64.2,67.50 3 0
github.com/netcloth/netcloth-chain/app/v0/auth/ante/basic.go:73.2,73.32 1 0
github.com/netcloth/netcloth-chain/app/v0/auth/ante/basic.go:60.9,62.3 1 0
github.com/netcloth/netcloth-chain/app/v0/auth/ante/basic.go:67.50,71.3 1 0
github.com/netcloth/netcloth-chain/app/v0/auth/ante/basic.go:89.87,93.2 1 0
github.com/netcloth/netcloth-chain/app/v0/auth/ante/basic.go:95.136,97.9 2 0
github.com/netcloth/netcloth-chain/app/v0/auth/ante/basic.go:100.2,104.14 3 0
github.com/netcloth/netcloth-chain/app/v0/auth/ante/basic.go:139.2,139.32 1 0
github.com/netcloth/netcloth-chain/app/v0/auth/ante/basic.go:97.9,99.3 1 0
github.com/netcloth/netcloth-chain/app/v0/auth/ante/basic.go:104.14,107.45 2 0
github.com/netcloth/netcloth-chain/app/v0/auth/ante/basic.go:107.45,109.22 1 0
github.com/netcloth/netcloth-chain/app/v0/auth/ante/basic.go:112.4,116.44 3 0
github.com/netcloth/netcloth-chain/app/v0/auth/ante/basic.go:122.4,131.62 4 0
github.com/netcloth/netcloth-chain/app/v0/auth/ante/basic.go:135.4,135.70 1 0
github.com/netcloth/netcloth-chain/app/v0/auth/ante/basic.go:109.22,110.13 1 0
github.com/netcloth/netcloth-chain/app/v0/auth/ante/basic.go:116.44,118.5 1 0
github.com/netcloth/netcloth-chain/app/v0/auth/ante/basic.go:118.10,120.5 1 0
github.com/netcloth/netcloth-chain/app/v0/auth/ante/basic.go:131.62,133.5 1 0
github.com/netcloth/netcloth-chain/app/v0/auth/ante/fee.go:28.78,32.2 1 0
github.com/netcloth/netcloth-chain/app/v0/auth/ante/fee.go:34.143,36.9 2 0
github.com/netcloth/netcloth-chain/app/v0/auth/ante/fee.go:40.2,40.41 1 0
github.com/netcloth/netcloth-chain/app/v0/auth/ante/fee.go:57.2,57.32 1 0
github.com/netcloth/netcloth-chain/app/v0/auth/ante/fee.go:36.9,38.3 1 0
github.com/netcloth/netcloth-chain/app/v0/auth/ante/fee.go:40.41,44.43 3 0
github.com/netcloth/netcloth-chain/app/v0/auth/ante/fee.go:48.3,52.37 4 0
github.com/netcloth/netcloth-chain/app/v0/auth/ante/fee.go:44.43,46.4 1 0
github.com/netcloth/netcloth-chain/app/v0/auth/ante/fee.go:52.37,54.4 1 0
github.com/netcloth/netcloth-chain/app/v0/auth/ante/fee.go:68.51,70.2 1 0
github.com/netcloth/netcloth-chain/app/v0/auth/ante/fee.go:72.140,74.9 2 0
github.com/netcloth/netcloth-chain/app/v0/auth/ante/fee.go:77.2,83.34 3 0
github.com/netcloth/netcloth-chain/app/v0/auth/ante/fee.go:102.2,102.32 1 0
github.com/netcloth/netcloth-chain/app/v0/auth/ante/fee.go:74.9,76.3 1 0
github.com/netcloth/netcloth-chain/app/v0/auth/ante/fee.go:83.34,85.29 2 0
github.com/netcloth/netcloth-chain/app/v0/auth/ante/fee.go:85.29,91.36 3 0
github.com/netcloth/netcloth-chain/app/v0/auth/ante/fee.go:96.4,96.40 1 0
github.com/netcloth/netcloth-chain/app/v0/auth/ante/fee.go:91.36,94.5 2 0
github.com/netcloth/netcloth-chain/app/v0/auth/ante/fee.go:96.40,98.5 1 0
github.com/netcloth/netcloth-chain/app/v0/auth/ante/fee.go:114.93,119.2 1 0
github.com/netcloth/netcloth-chain/app/v0/auth/ante/fee.go:121.139,123.9 2 0
github.com/netcloth/netcloth-chain/app/v0/auth/ante/fee.go:127.2,127.84 1 0
github.com/netcloth/netcloth-chain/app/v0/auth/ante/fee.go:131.2,134.24 3 0
github.com/netcloth/netcloth-chain/app/v0/auth/ante/fee.go:139.2,139.30 1 0
github.com/netcloth/netcloth-chain/app/v0/auth/ante/fee.go:145.2,146.35 2 0
github.com/netcloth/netcloth-chain/app/v0/auth/ante/fee.go:123.9,125.3 1 0
github.com/netcloth/netcloth-chain/app/v0/auth/ante/fee.go:127.84,128.83 1 0
github.com/netcloth/netcloth-chain/app/v0/auth/ante/fee.go:134.24,136.3 1 0
github.com/netcloth/netcloth-chain/app/v0/auth/ante/fee.go:139.30,141.17 2 0
github.com/netcloth/netcloth-chain/app/v0/auth/ante/fee.go:141.17,143.4 1 0
github.com/netcloth/netcloth-chain/app/v0/auth/ante/fee.go:153.111,157.21 3 0
github.com/netcloth/netcloth-chain/app/v0/auth/ante/fee.go:162.2,163.12 2 0
github.com/netcloth/netcloth-chain/app/v0/auth/ante/fee.go:170.2,171.55 2 0
github.com/netcloth/netcloth-chain/app/v0/auth/ante/fee.go:176.2,177.16 2 0
github.com/netcloth/netcloth-chain/app/v0/auth/ante/fee.go:181.2,181.12 1 0
github.com/netcloth/netcloth-chain/app/v0/auth/ante/fee.go:157.21,159.3 1 0
github.com/netcloth/netcloth-chain/app/v0/auth/ante/fee.go:163.12,166.3 1 0
github.com/netcloth/netcloth-chain/app/v0/auth/ante/fee.go:171.55,174.3 1 0
github.com/netcloth/netcloth-chain/app/v0/auth/ante/fee.go:177.16,179.3 1 0
github.com/netcloth/netcloth-chain/app/v0/auth/client/utils/query.go:22.114,23.22 1 0
github.com/netcloth/netcloth-chain/app/v0/auth/client/utils/query.go:27.2,27.15 1 0
github.com/netcloth/netcloth-chain/app/v0/auth/client/utils/query.go:31.2,31.16 1 0
github.com/netcloth/netcloth-chain/app/v0/auth/client/utils/query.go:36.2,39.16 3 0
github.com/netcloth/netcloth-chain/app/v0/auth/client/utils/query.go:43.2,46.16 3 0
github.com/netcloth/netcloth-chain/app/v0/auth/client/utils/query.go:50.2,50.11 1 0
github.com/netcloth/netcloth-chain/app/v0/auth/client/utils/query.go:59.2,60.16 2 0
github.com/netcloth/netcloth-chain/app/v0/auth/client/utils/query.go:64.2,65.16 2 0
github.com/netcloth/netcloth-chain/app/v0/auth/client/utils/query.go:69.2,71.21 2 0
github.com/netcloth/netcloth-chain/app/v0/auth/client/utils/query.go:23.22,25.3 1 0
github.com/netcloth/netcloth-chain/app/v0/auth/client/utils/query.go:27.15,29.3 1 0
github.com/netcloth/netcloth-chain/app/v0/auth/client/utils/query.go:31.16,33.3 1 0
github.com/netcloth/netcloth-chain/app/v0/auth/client/utils/query.go:39.16,41.3 1 0
github.com/netcloth/netcloth-chain/app/v0/auth/client/utils/query.go:46.16,48.3 1 0
github.com/netcloth/netcloth-chain/app/v0/auth/client/utils/query.go:50.11,51.33 1 0
github.com/netcloth/netcloth-chain/app/v0/auth/client/utils/query.go:51.33,53.18 2 0
github.com/netcloth/netcloth-chain/app/v0/auth/client/utils/query.go:53.18,55.5 1 0
github.com/netcloth/netcloth-chain/app/v0/auth/client/utils/query.go:60.16,62.3 1 0
github.com/netcloth/netcloth-chain/app/v0/auth/client/utils/query.go:65.16,67.3 1 0
github.com/netcloth/netcloth-chain/app/v0/auth/client/utils/query.go:76.84,78.16 2 0
github.com/netcloth/netcloth-chain/app/v0/auth/client/utils/query.go:82.2,83.16 2 0
github.com/netcloth/netcloth-chain/app/v0/auth/client/utils/query.go:87.2,88.16 2 0
github.com/netcloth/netcloth-chain/app/v0/auth/client/utils/query.go:92.2,92.23 1 0
github.com/netcloth/netcloth-chain/app/v0/auth/client/utils/query.go:98.2,99.16 2 0
github.com/netcloth/netcloth-chain/app/v0/auth/client/utils/query.go:103.2,104.16 2 0
github.com/netcloth/netcloth-chain/app/v0/auth/client/utils/query.go:108.2,108.17 1 0
github.com/netcloth/netcloth-chain/app/v0/auth/client/utils/query.go:78.16,80.3 1 0
github.com/netcloth/netcloth-chain/app/v0/auth/client/utils/query.go:83.16,85.3 1 0
github.com/netcloth/netcloth-chain/app/v0/auth/client/utils/query.go:88.16,90.3 1 0
github.com/netcloth/netcloth-chain/app/v0/auth/client/utils/query.go:92.23,93.56 1 0
github.com/netcloth/netcloth-chain/app/v0/auth/client/utils/query.go:93.56,95.4 1 0
github.com/netcloth/netcloth-chain/app/v0/auth/client/utils/query.go:99.16,101.3 1 0
github.com/netcloth/netcloth-chain/app/v0/auth/client/utils/query.go:104.16,106.3 1 0
github.com/netcloth/netcloth-chain/app/v0/auth/client/utils/query.go:112.134,115.24 3 0
github.com/netcloth/netcloth-chain/app/v0/auth/client/utils/query.go:122.2,122.17 1 0
github.com/netcloth/netcloth-chain/app/v0/auth/client/utils/query.go:115.24,117.17 2 0
github.com/netcloth/netcloth-chain/app/v0/auth/client/utils/query.go:117.17,119.4 1 0
github.com/netcloth/netcloth-chain/app/v0/auth/client/utils/query.go:126.80,127.23 1 0
github.com/netcloth/netcloth-chain/app/v0/auth/client/utils/query.go:137.2,137.12 1 0
github.com/netcloth/netcloth-chain/app/v0/auth/client/utils/query.go:127.23,129.17 2 0
github.com/netcloth/netcloth-chain/app/v0/auth/client/utils/query.go:132.3,133.17 2 0
github.com/netcloth/netcloth-chain/app/v0/auth/client/utils/query.go:129.17,131.4 1 0
github.com/netcloth/netcloth-chain/app/v0/auth/client/utils/query.go:133.17,135.4 1 0
github.com/netcloth/netcloth-chain/app/v0/auth/client/utils/query.go:140.121,142.16 2 0
github.com/netcloth/netcloth-chain/app/v0/auth/client/utils/query.go:146.2,148.31 2 0
github.com/netcloth/netcloth-chain/app/v0/auth/client/utils/query.go:159.2,159.23 1 0
github.com/netcloth/netcloth-chain/app/v0/auth/client/utils/query.go:142.16,144.3 1 0
github.com/netcloth/netcloth-chain/app/v0/auth/client/utils/query.go:148.31,149.44 1 0
github.com/netcloth/netcloth-chain/app/v0/auth/client/utils/query.go:149.44,151.18 2 0
github.com/netcloth/netcloth-chain/app/v0/auth/client/utils/query.go:155.4,155.38 1 0
github.com/netcloth/netcloth-chain/app/v0/auth/client/utils/query.go:151.18,153.5 1 0
github.com/netcloth/netcloth-chain/app/v0/auth/client/utils/query.go:162.117,164.16 2 0
github.com/netcloth/netcloth-chain/app/v0/auth/client/utils/query.go:168.2,168.90 1 0
github.com/netcloth/netcloth-chain/app/v0/auth/client/utils/query.go:164.16,166.3 1 0
github.com/netcloth/netcloth-chain/app/v0/auth/client/utils/query.go:171.64,175.16 3 0
github.com/netcloth/netcloth-chain/app/v0/auth/client/utils/query.go:179.2,179.16 1 0
github.com/netcloth/netcloth-chain/app/v0/auth/client/utils/query.go:175.16,177.3 1 0
github.com/netcloth/netcloth-chain/app/v0/auth/client/utils/rest.go:15.116,17.9 2 0
github.com/netcloth/netcloth-chain/app/v0/auth/client/utils/rest.go:21.2,22.16 2 0
github.com/netcloth/netcloth-chain/app/v0/auth/client/utils/rest.go:27.2,32.31 2 0
github.com/netcloth/netcloth-chain/app/v0/auth/client/utils/rest.go:50.2,51.16 2 0
github.com/netcloth/netcloth-chain/app/v0/auth/client/utils/rest.go:56.2,57.16 2 0
github.com/netcloth/netcloth-chain/app/v0/auth/client/utils/rest.go:62.2,63.43 2 0
github.com/netcloth/netcloth-chain/app/v0/auth/client/utils/rest.go:67.2,67.8 1 0
github.com/netcloth/netcloth-chain/app/v0/auth/client/utils/rest.go:17.9,19.3 1 0
github.com/netcloth/netcloth-chain/app/v0/auth/client/utils/rest.go:22.16,25.3 2 0
github.com/netcloth/netcloth-chain/app/v0/auth/client/utils/rest.go:32.31,33.17 1 0
github.com/netcloth/netcloth-chain/app/v0/auth/client/utils/rest.go:38.3,39.17 2 0
github.com/netcloth/netcloth-chain/app/v0/auth/client/utils/rest.go:44.3,44.18 1 0
github.com/netcloth/netcloth-chain/app/v0/auth/client/utils/rest.go:33.17,36.4 2 0
github.com/netcloth/netcloth-chain/app/v0/auth/client/utils/rest.go:39.17,42.4 2 0
github.com/netcloth/netcloth-chain/app/v0/auth/client/utils/rest.go:44.18,47.4 2 0
github.com/netcloth/netcloth-chain/app/v0/auth/client/utils/rest.go:51.16,54.3 2 0
github.com/netcloth/netcloth-chain/app/v0/auth/client/utils/rest.go:57.16,60.3 2 0
github.com/netcloth/netcloth-chain/app/v0/auth/client/utils/rest.go:63.43,65.3 1 0
github.com/netcloth/netcloth-chain/app/v0/auth/client/utils/tx.go:27.47,29.2 1 0
github.com/netcloth/netcloth-chain/app/v0/auth/client/utils/tx.go:35.107,36.25 1 0
github.com/netcloth/netcloth-chain/app/v0/auth/client/utils/tx.go:40.2,40.56 1 0
github.com/netcloth/netcloth-chain/app/v0/auth/client/utils/tx.go:36.25,38.3 1 0
github.com/netcloth/netcloth-chain/app/v0/auth/client/utils/tx.go:48.109,50.16 2 0
github.com/netcloth/netcloth-chain/app/v0/auth/client/utils/tx.go:54.2,56.52 2 0
github.com/netcloth/netcloth-chain/app/v0/auth/client/utils/tx.go:66.2,66.21 1 0
github.com/netcloth/netcloth-chain/app/v0/auth/client/utils/tx.go:70.2,70.25 1 0
github.com/netcloth/netcloth-chain/app/v0/auth/client/utils/tx.go:96.2,97.16 2 0
github.com/netcloth/netcloth-chain/app/v0/auth/client/utils/tx.go:102.2,103.16 2 0
github.com/netcloth/netcloth-chain/app/v0/auth/client/utils/tx.go:108.2,109.16 2 0
github.com/netcloth/netcloth-chain/app/v0/auth/client/utils/tx.go:113.2,113.32 1 0
github.com/netcloth/netcloth-chain/app/v0/auth/client/utils/tx.go:50.16,52.3 1 0
github.com/netcloth/netcloth-chain/app/v0/auth/client/utils/tx.go:56.52,58.17 2 0
github.com/netcloth/netcloth-chain/app/v0/auth/client/utils/tx.go:62.3,63.57 2 0
github.com/netcloth/netcloth-chain/app/v0/auth/client/utils/tx.go:58.17,60.4 1 0
github.com/netcloth/netcloth-chain/app/v0/auth/client/utils/tx.go:66.21,68.3 1 0
github.com/netcloth/netcloth-chain/app/v0/auth/client/utils/tx.go:70.25,72.17 2 0
github.com/netcloth/netcloth-chain/app/v0/auth/client/utils/tx.go:76.3,77.46 2 0
github.com/netcloth/netcloth-chain/app/v0/auth/client/utils/tx.go:86.3,90.24 4 0
github.com/netcloth/netcloth-chain/app/v0/auth/client/utils/tx.go:72.17,74.4 1 0
github.com/netcloth/netcloth-chain/app/v0/auth/client/utils/tx.go:77.46,79.18 2 0
github.com/netcloth/netcloth-chain/app/v0/auth/client/utils/tx.go:79.18,80.15 1 0
github.com/netcloth/netcloth-chain/app/v0/auth/client/utils/tx.go:82.9,84.4 1 0
github.com/netcloth/netcloth-chain/app/v0/auth/client/utils/tx.go:90.24,93.4 2 0
github.com/netcloth/netcloth-chain/app/v0/auth/client/utils/tx.go:97.16,99.3 1 0
github.com/netcloth/netcloth-chain/app/v0/auth/client/utils/tx.go:103.16,105.3 1 0
github.com/netcloth/netcloth-chain/app/v0/auth/client/utils/tx.go:109.16,111.3 1 0
github.com/netcloth/netcloth-chain/app/v0/auth/client/utils/tx.go:118.120,120.16 2 0
github.com/netcloth/netcloth-chain/app/v0/auth/client/utils/tx.go:124.2,124.38 1 0
github.com/netcloth/netcloth-chain/app/v0/auth/client/utils/tx.go:120.16,122.3 1 0
github.com/netcloth/netcloth-chain/app/v0/auth/client/utils/tx.go:132.42,137.16 2 2
github.com/netcloth/netcloth-chain/app/v0/auth/client/utils/tx.go:141.2,142.16 2 1
github.com/netcloth/netcloth-chain/app/v0/auth/client/utils/tx.go:146.2,147.32 2 1
github.com/netcloth/netcloth-chain/app/v0/auth/client/utils/tx.go:137.16,139.3 1 1
github.com/netcloth/netcloth-chain/app/v0/auth/client/utils/tx.go:142.16,144.3 1 0
github.com/netcloth/netcloth-chain/app/v0/auth/client/utils/tx.go:151.102,153.16 2 0
github.com/netcloth/netcloth-chain/app/v0/auth/client/utils/tx.go:157.2,158.16 2 0
github.com/netcloth/netcloth-chain/app/v0/auth/client/utils/tx.go:162.2,163.12 2 0
github.com/netcloth/netcloth-chain/app/v0/auth/client/utils/tx.go:153.16,155.3 1 0
github.com/netcloth/netcloth-chain/app/v0/auth/client/utils/tx.go:158.16,160.3 1 0
github.com/netcloth/netcloth-chain/app/v0/auth/client/utils/tx.go:172.28,177.16 3 0
github.com/netcloth/netcloth-chain/app/v0/auth/client/utils/tx.go:181.2,184.59 2 0
github.com/netcloth/netcloth-chain/app/v0/auth/client/utils/tx.go:188.2,188.14 1 0
github.com/netcloth/netcloth-chain/app/v0/auth/client/utils/tx.go:195.2,196.16 2 0
github.com/netcloth/netcloth-chain/app/v0/auth/client/utils/tx.go:200.2,200.61 1 0
github.com/netcloth/netcloth-chain/app/v0/auth/client/utils/tx.go:177.16,179.3 1 0
github.com/netcloth/netcloth-chain/app/v0/auth/client/utils/tx.go:184.59,186.3 1 0
github.com/netcloth/netcloth-chain/app/v0/auth/client/utils/tx.go:188.14,190.17 2 0
github.com/netcloth/netcloth-chain/app/v0/auth/client/utils/tx.go:190.17,192.4 1 0
github.com/netcloth/netcloth-chain/app/v0/auth/client/utils/tx.go:196.16,198.3 1 0
github.com/netcloth/netcloth-chain/app/v0/auth/client/utils/tx.go:208.57,211.43 1 0
github.com/netcloth/netcloth-chain/app/v0/auth/client/utils/tx.go:215.2,215.14 1 0
github.com/netcloth/netcloth-chain/app/v0/auth/client/utils/tx.go:222.2,223.16 2 0
github.com/netcloth/netcloth-chain/app/v0/auth/client/utils/tx.go:227.2,227.57 1 0
github.com/netcloth/netcloth-chain/app/v0/auth/client/utils/tx.go:211.43,213.3 1 0
github.com/netcloth/netcloth-chain/app/v0/auth/client/utils/tx.go:215.14,217.17 2 0
github.com/netcloth/netcloth-chain/app/v0/auth/client/utils/tx.go:217.17,219.4 1 0
github.com/netcloth/netcloth-chain/app/v0/auth/client/utils/tx.go:223.16,225.3 1 0
github.com/netcloth/netcloth-chain/app/v0/auth/client/utils/tx.go:231.94,234.21 2 1
github.com/netcloth/netcloth-chain/app/v0/auth/client/utils/tx.go:240.2,240.16 1 1
github.com/netcloth/netcloth-chain/app/v0/auth/client/utils/tx.go:244.2,244.56 1 1
github.com/netcloth/netcloth-chain/app/v0/auth/client/utils/tx.go:248.2,248.8 1 1
github.com/netcloth/netcloth-chain/app/v0/auth/client/utils/tx.go:234.21,236.3 1 0
github.com/netcloth/netcloth-chain/app/v0/auth/client/utils/tx.go:236.8,238.3 1 1
github.com/netcloth/netcloth-chain/app/v0/auth/client/utils/tx.go:240.16,242.3 1 0
github.com/netcloth/netcloth-chain/app/v0/auth/client/utils/tx.go:244.56,246.3 1 0
github.com/netcloth/netcloth-chain/app/v0/auth/client/utils/tx.go:253.32,256.16 2 0
github.com/netcloth/netcloth-chain/app/v0/auth/client/utils/tx.go:260.2,260.61 1 0
github.com/netcloth/netcloth-chain/app/v0/auth/client/utils/tx.go:256.16,258.3 1 0
github.com/netcloth/netcloth-chain/app/v0/auth/client/utils/tx.go:265.61,267.20 2 2
github.com/netcloth/netcloth-chain/app/v0/auth/client/utils/tx.go:271.2,271.16 1 2
github.com/netcloth/netcloth-chain/app/v0/auth/client/utils/tx.go:267.20,269.3 1 1
github.com/netcloth/netcloth-chain/app/v0/auth/client/utils/tx.go:276.130,278.16 2 0
github.com/netcloth/netcloth-chain/app/v0/auth/client/utils/tx.go:282.2,283.8 2 0
github.com/netcloth/netcloth-chain/app/v0/auth/client/utils/tx.go:278.16,280.3 1 0
github.com/netcloth/netcloth-chain/app/v0/auth/client/utils/tx.go:286.68,288.2 1 1
github.com/netcloth/netcloth-chain/app/v0/auth/client/utils/tx.go:290.74,292.76 2 3
github.com/netcloth/netcloth-chain/app/v0/auth/client/utils/tx.go:296.2,296.21 1 2
github.com/netcloth/netcloth-chain/app/v0/auth/client/utils/tx.go:292.76,294.3 1 1
github.com/netcloth/netcloth-chain/app/v0/auth/client/utils/tx.go:300.107,304.53 3 0
github.com/netcloth/netcloth-chain/app/v0/auth/client/utils/tx.go:308.2,311.44 2 0
github.com/netcloth/netcloth-chain/app/v0/auth/client/utils/tx.go:325.2,325.20 1 0
github.com/netcloth/netcloth-chain/app/v0/auth/client/utils/tx.go:304.53,306.3 1 0
github.com/netcloth/netcloth-chain/app/v0/auth/client/utils/tx.go:311.44,313.17 2 0
github.com/netcloth/netcloth-chain/app/v0/auth/client/utils/tx.go:317.3,317.24 1 0
github.com/netcloth/netcloth-chain/app/v0/auth/client/utils/tx.go:320.3,320.24 1 0
github.com/netcloth/netcloth-chain/app/v0/auth/client/utils/tx.go:313.17,315.4 1 0
github.com/netcloth/netcloth-chain/app/v0/auth/client/utils/tx.go:317.24,319.4 1 0
github.com/netcloth/netcloth-chain/app/v0/auth/client/utils/tx.go:320.24,322.4 1 0
github.com/netcloth/netcloth-chain/app/v0/auth/client/utils/tx.go:328.138,329.33 1 0
github.com/netcloth/netcloth-chain/app/v0/auth/client/utils/tx.go:342.2,343.16 2 0
github.com/netcloth/netcloth-chain/app/v0/auth/client/utils/tx.go:347.2,347.87 1 0
github.com/netcloth/netcloth-chain/app/v0/auth/client/utils/tx.go:329.33,330.26 1 0
github.com/netcloth/netcloth-chain/app/v0/auth/client/utils/tx.go:334.3,335.17 2 0
github.com/netcloth/netcloth-chain/app/v0/auth/client/utils/tx.go:339.3,339.70 1 0
github.com/netcloth/netcloth-chain/app/v0/auth/client/utils/tx.go:330.26,332.4 1 0
github.com/netcloth/netcloth-chain/app/v0/auth/client/utils/tx.go:335.17,337.4 1 0
github.com/netcloth/netcloth-chain/app/v0/auth/client/utils/tx.go:343.16,345.3 1 0
github.com/netcloth/netcloth-chain/app/v0/auth/client/utils/tx.go:350.69,351.28 1 0
github.com/netcloth/netcloth-chain/app/v0/auth/client/utils/tx.go:357.2,357.14 1 0
github.com/netcloth/netcloth-chain/app/v0/auth/client/utils/tx.go:351.28,352.43 1 0
github.com/netcloth/netcloth-chain/app/v0/auth/client/utils/tx.go:352.43,354.4 1 0
github.com/netcloth/netcloth-chain/app/v0/cipal/genesis.go:9.82,10.37 1 0
github.com/netcloth/netcloth-chain/app/v0/cipal/genesis.go:10.37,12.3 1 0
github.com/netcloth/netcloth-chain/app/v0/cipal/genesis.go:16.65,21.2 2 0
github.com/netcloth/netcloth-chain/app/v0/cipal/handler.go:12.39,13.65 1 1
github.com/netcloth/netcloth-chain/app/v0/cipal/handler.go:13.65,16.28 2 1
github.com/netcloth/netcloth-chain/app/v0/cipal/handler.go:17.21,18.42 1 0
github.com/netcloth/netcloth-chain/app/v0/cipal/handler.go:19.11,20.113 1 1
github.com/netcloth/netcloth-chain/app/v0/cipal/handler.go:25.91,26.69 1 0
github.com/netcloth/netcloth-chain/app/v0/cipal/handler.go:30.2,31.20 2 0
github.com/netcloth/netcloth-chain/app/v0/cipal/handler.go:35.2,36.11 2 0
github.com/netcloth/netcloth-chain/app/v0/cipal/handler.go:61.2,68.62 2 0
github.com/netcloth/netcloth-chain/app/v0/cipal/handler.go:26.69,28.3 1 0
github.com/netcloth/netcloth-chain/app/v0/cipal/handler.go:31.20,33.3 1 0
github.com/netcloth/netcloth-chain/app/v0/cipal/handler.go:36.11,39.38 3 0
github.com/netcloth/netcloth-chain/app/v0/cipal/handler.go:47.3,47.24 1 0
github.com/netcloth/netcloth-chain/app/v0/cipal/handler.go:55.3,55.29 1 0
github.com/netcloth/netcloth-chain/app/v0/cipal/handler.go:39.38,40.57 1 0
github.com/netcloth/netcloth-chain/app/v0/cipal/handler.go:40.57,43.10 3 0
github.com/netcloth/netcloth-chain/app/v0/cipal/handler.go:47.24,48.64 1 0
github.com/netcloth/netcloth-chain/app/v0/cipal/handler.go:48.64,50.5 1 0
github.com/netcloth/netcloth-chain/app/v0/cipal/handler.go:51.9,53.4 1 0
github.com/netcloth/netcloth-chain/app/v0/cipal/handler.go:56.8,59.3 2 0
github.com/netcloth/netcloth-chain/app/v0/cipal/handler.go:71.74,73.2 1 0
github.com/netcloth/netcloth-chain/app/v0/cipal/module.go:32.40,34.2 1 0
github.com/netcloth/netcloth-chain/app/v0/cipal/module.go:36.58,38.2 1 0
github.com/netcloth/netcloth-chain/app/v0/cipal/module.go:40.59,42.2 1 0
github.com/netcloth/netcloth-chain/app/v0/cipal/module.go:44.77,46.2 1 0
github.com/netcloth/netcloth-chain/app/v0/cipal/module.go:48.86,50.2 1 0
github.com/netcloth/netcloth-chain/app/v0/cipal/module.go:52.68,54.2 1 0
github.com/netcloth/netcloth-chain/app/v0/cipal/module.go:56.71,58.2 1 0
github.com/netcloth/netcloth-chain/app/v0/cipal/module.go:68.76,71.2 2 0
github.com/netcloth/netcloth-chain/app/v0/cipal/module.go:73.44,75.2 1 0
github.com/netcloth/netcloth-chain/app/v0/cipal/module.go:77.95,78.19 1 0
github.com/netcloth/netcloth-chain/app/v0/cipal/module.go:83.2,83.33 1 0
github.com/netcloth/netcloth-chain/app/v0/cipal/module.go:78.19,82.3 3 0
github.com/netcloth/netcloth-chain/app/v0/cipal/module.go:86.68,89.2 2 0
github.com/netcloth/netcloth-chain/app/v0/cipal/module.go:91.63,92.23 1 0
github.com/netcloth/netcloth-chain/app/v0/cipal/module.go:95.36,97.2 1 0
github.com/netcloth/netcloth-chain/app/v0/cipal/module.go:99.46,101.2 1 0
github.com/netcloth/netcloth-chain/app/v0/cipal/module.go:103.43,105.2 1 0
github.com/netcloth/netcloth-chain/app/v0/cipal/module.go:107.53,109.2 1 0
github.com/netcloth/netcloth-chain/app/v0/cipal/module.go:111.70,112.2 0 0
github.com/netcloth/netcloth-chain/app/v0/cipal/module.go:114.96,116.2 1 0
github.com/netcloth/netcloth-chain/app/v0/cipal/module.go:119.74,120.2 0 0
github.com/netcloth/netcloth-chain/app/v0/cipal/module.go:122.106,124.2 1 0
github.com/netcloth/netcloth-chain/app/v0/cipal/module.go:126.75,128.2 1 0
github.com/netcloth/netcloth-chain/app/v0/cipal/module.go:130.102,132.2 1 0
github.com/netcloth/netcloth-chain/app/v0/cipal/types/genesis.go:9.54,13.2 1 0
github.com/netcloth/netcloth-chain/app/v0/cipal/types/genesis.go:16.41,18.2 1 0
github.com/netcloth/netcloth-chain/app/v0/cipal/types/keys.go:18.44,20.2 1 0
github.com/netcloth/netcloth-chain/app/v0/cipal/types/msgs.go:42.38,44.2 1 0
github.com/netcloth/netcloth-chain/app/v0/cipal/types/msgs.go:46.40,48.16 2 2
github.com/netcloth/netcloth-chain/app/v0/cipal/types/msgs.go:51.2,51.28 1 2
github.com/netcloth/netcloth-chain/app/v0/cipal/types/msgs.go:48.16,49.13 1 0
github.com/netcloth/netcloth-chain/app/v0/cipal/types/msgs.go:54.35,55.25 1 0
github.com/netcloth/netcloth-chain/app/v0/cipal/types/msgs.go:59.2,59.47 1 0
github.com/netcloth/netcloth-chain/app/v0/cipal/types/msgs.go:63.2,63.12 1 0
github.com/netcloth/netcloth-chain/app/v0/cipal/types/msgs.go:55.25,57.3 1 0
github.com/netcloth/netcloth-chain/app/v0/cipal/types/msgs.go:59.47,61.3 1 0
github.com/netcloth/netcloth-chain/app/v0/cipal/types/msgs.go:66.110,72.2 1 1
github.com/netcloth/netcloth-chain/app/v0/cipal/types/msgs.go:74.151,79.2 1 0
github.com/netcloth/netcloth-chain/app/v0/cipal/types/msgs.go:81.166,86.2 1 0
github.com/netcloth/netcloth-chain/app/v0/cipal/types/msgs.go:88.41,88.61 1 0
github.com/netcloth/netcloth-chain/app/v0/cipal/types/msgs.go:90.40,90.64 1 0
github.com/netcloth/netcloth-chain/app/v0/cipal/types/msgs.go:92.48,93.22 1 0
github.com/netcloth/netcloth-chain/app/v0/cipal/types/msgs.go:97.2,98.16 2 0
github.com/netcloth/netcloth-chain/app/v0/cipal/types/msgs.go:102.2,104.67 3 0
github.com/netcloth/netcloth-chain/app/v0/cipal/types/msgs.go:108.2,108.12 1 0
github.com/netcloth/netcloth-chain/app/v0/cipal/types/msgs.go:93.22,95.3 1 0
github.com/netcloth/netcloth-chain/app/v0/cipal/types/msgs.go:98.16,100.3 1 0
github.com/netcloth/netcloth-chain/app/v0/cipal/types/msgs.go:104.67,106.3 1 0
github.com/netcloth/netcloth-chain/app/v0/cipal/types/msgs.go:111.48,113.16 2 0
github.com/netcloth/netcloth-chain/app/v0/cipal/types/msgs.go:116.2,116.28 1 0
github.com/netcloth/netcloth-chain/app/v0/cipal/types/msgs.go:113.16,114.13 1 0
github.com/netcloth/netcloth-chain/app/v0/cipal/types/msgs.go:119.56,121.2 1 0
github.com/netcloth/netcloth-chain/app/v0/cipal/types/querier.go:17.59,21.2 1 0
github.com/netcloth/netcloth-chain/app/v0/cipal/types/cipal_object.go:18.96,26.2 4 0
github.com/netcloth/netcloth-chain/app/v0/cipal/types/cipal_object.go:28.59,37.16 2 0
github.com/netcloth/netcloth-chain/app/v0/cipal/types/cipal_object.go:40.2,40.24 1 0
github.com/netcloth/netcloth-chain/app/v0/cipal/types/cipal_object.go:37.16,39.3 1 0
github.com/netcloth/netcloth-chain/app/v0/cipal/types/cipal_object.go:43.71,45.2 1 0
github.com/netcloth/netcloth-chain/app/v0/cipal/types/cipal_object.go:47.75,49.16 2 0
github.com/netcloth/netcloth-chain/app/v0/cipal/types/cipal_object.go:52.2,52.18 1 0
github.com/netcloth/netcloth-chain/app/v0/cipal/types/cipal_object.go:49.16,50.13 1 0
github.com/netcloth/netcloth-chain/app/v0/cipal/types/cipal_object.go:55.87,58.2 2 0
github.com/netcloth/netcloth-chain/app/v0/cipal/types/cipal_object.go:60.56,62.26 2 0
github.com/netcloth/netcloth-chain/app/v0/cipal/types/cipal_object.go:66.2,66.10 1 0
github.com/netcloth/netcloth-chain/app/v0/cipal/types/cipal_object.go:62.26,64.3 1 0
github.com/netcloth/netcloth-chain/app/v0/cipal/types/cipal_object.go:69.40,73.2 1 0
github.com/netcloth/netcloth-chain/app/v0/cipal/types/codec.go:7.38,9.2 1 1
github.com/netcloth/netcloth-chain/app/v0/cipal/types/codec.go:13.13,18.2 4 1
github.com/netcloth/netcloth-chain/app/v0/distribution/client/cli/tx.go:37.65,54.2 3 0
github.com/netcloth/netcloth-chain/app/v0/distribution/client/cli/tx.go:64.9,66.20 1 2
github.com/netcloth/netcloth-chain/app/v0/distribution/client/cli/tx.go:71.2,72.44 2 2
github.com/netcloth/netcloth-chain/app/v0/distribution/client/cli/tx.go:85.2,85.12 1 2
github.com/netcloth/netcloth-chain/app/v0/distribution/client/cli/tx.go:66.20,68.3 1 0
github.com/netcloth/netcloth-chain/app/v0/distribution/client/cli/tx.go:72.44,75.31 2 3
github.com/netcloth/netcloth-chain/app/v0/distribution/client/cli/tx.go:79.3,80.71 2 3
github.com/netcloth/netcloth-chain/app/v0/distribution/client/cli/tx.go:75.31,77.4 1 1
github.com/netcloth/netcloth-chain/app/v0/distribution/client/cli/tx.go:80.71,82.4 1 0
github.com/netcloth/netcloth-chain/app/v0/distribution/client/cli/tx.go:89.61,105.55 1 0
github.com/netcloth/netcloth-chain/app/v0/distribution/client/cli/tx.go:123.2,124.12 2 0
github.com/netcloth/netcloth-chain/app/v0/distribution/client/cli/tx.go:105.55,111.18 5 0
github.com/netcloth/netcloth-chain/app/v0/distribution/client/cli/tx.go:115.4,116.36 2 0
github.com/netcloth/netcloth-chain/app/v0/distribution/client/cli/tx.go:120.4,120.62 1 0
github.com/netcloth/netcloth-chain/app/v0/distribution/client/cli/tx.go:111.18,113.5 1 0
github.com/netcloth/netcloth-chain/app/v0/distribution/client/cli/tx.go:116.36,118.5 1 0
github.com/netcloth/netcloth-chain/app/v0/distribution/client/cli/tx.go:128.83,142.55 1 0
github.com/netcloth/netcloth-chain/app/v0/distribution/client/cli/tx.go:164.2,165.12 2 0
github.com/netcloth/netcloth-chain/app/v0/distribution/client/cli/tx.go:142.55,150.27 4 0
github.com/netcloth/netcloth-chain/app/v0/distribution/client/cli/tx.go:154.4,155.18 2 0
github.com/netcloth/netcloth-chain/app/v0/distribution/client/cli/tx.go:159.4,160.88 2 0
github.com/netcloth/netcloth-chain/app/v0/distribution/client/cli/tx.go:150.27,152.5 1 0
github.com/netcloth/netcloth-chain/app/v0/distribution/client/cli/tx.go:155.18,157.5 1 0
github.com/netcloth/netcloth-chain/app/v0/distribution/client/cli/tx.go:169.61,183.55 1 0
github.com/netcloth/netcloth-chain/app/v0/distribution/client/cli/tx.go:183.55,190.18 5 0
github.com/netcloth/netcloth-chain/app/v0/distribution/client/cli/tx.go:194.4,195.72 2 0
github.com/netcloth/netcloth-chain/app/v0/distribution/client/cli/tx.go:190.18,192.5 1 0
github.com/netcloth/netcloth-chain/app/v0/distribution/client/cli/tx.go:201.60,236.55 1 0
github.com/netcloth/netcloth-chain/app/v0/distribution/client/cli/tx.go:257.2,257.12 1 0
github.com/netcloth/netcloth-chain/app/v0/distribution/client/cli/tx.go:236.55,241.18 4 0
github.com/netcloth/netcloth-chain/app/v0/distribution/client/cli/tx.go:245.4,249.46 4 0
github.com/netcloth/netcloth-chain/app/v0/distribution/client/cli/tx.go:253.4,253.72 1 0
github.com/netcloth/netcloth-chain/app/v0/distribution/client/cli/tx.go:241.18,243.5 1 0
github.com/netcloth/netcloth-chain/app/v0/distribution/client/cli/tx.go:249.46,251.5 1 0
github.com/netcloth/netcloth-chain/app/v0/distribution/client/cli/utils.go:22.121,26.16 3 0
github.com/netcloth/netcloth-chain/app/v0/distribution/client/cli/utils.go:30.2,30.63 1 0
github.com/netcloth/netcloth-chain/app/v0/distribution/client/cli/utils.go:34.2,34.22 1 0
github.com/netcloth/netcloth-chain/app/v0/distribution/client/cli/utils.go:26.16,28.3 1 0
github.com/netcloth/netcloth-chain/app/v0/distribution/client/cli/utils.go:30.63,32.3 1 0
github.com/netcloth/netcloth-chain/app/v0/distribution/client/cli/query.go:20.70,40.2 3 0
github.com/netcloth/netcloth-chain/app/v0/distribution/client/cli/query.go:43.76,48.55 1 0
github.com/netcloth/netcloth-chain/app/v0/distribution/client/cli/query.go:48.55,51.18 3 0
github.com/netcloth/netcloth-chain/app/v0/distribution/client/cli/query.go:54.4,54.37 1 0
github.com/netcloth/netcloth-chain/app/v0/distribution/client/cli/query.go:51.18,53.5 1 0
github.com/netcloth/netcloth-chain/app/v0/distribution/client/cli/query.go:60.97,75.55 1 0
github.com/netcloth/netcloth-chain/app/v0/distribution/client/cli/query.go:75.55,79.18 3 0
github.com/netcloth/netcloth-chain/app/v0/distribution/client/cli/query.go:83.4,85.18 3 0
github.com/netcloth/netcloth-chain/app/v0/distribution/client/cli/query.go:89.4,93.18 2 0
github.com/netcloth/netcloth-chain/app/v0/distribution/client/cli/query.go:97.4,98.71 2 0
github.com/netcloth/netcloth-chain/app/v0/distribution/client/cli/query.go:102.4,102.49 1 0
github.com/netcloth/netcloth-chain/app/v0/distribution/client/cli/query.go:79.18,81.5 1 0
github.com/netcloth/netcloth-chain/app/v0/distribution/client/cli/query.go:85.18,87.5 1 0
github.com/netcloth/netcloth-chain/app/v0/distribution/client/cli/query.go:93.18,95.5 1 0
github.com/netcloth/netcloth-chain/app/v0/distribution/client/cli/query.go:98.71,100.5 1 0
github.com/netcloth/netcloth-chain/app/v0/distribution/client/cli/query.go:108.89,122.55 1 0
github.com/netcloth/netcloth-chain/app/v0/distribution/client/cli/query.go:122.55,126.18 3 0
github.com/netcloth/netcloth-chain/app/v0/distribution/client/cli/query.go:130.4,131.18 2 0
github.com/netcloth/netcloth-chain/app/v0/distribution/client/cli/query.go:135.4,137.37 3 0
github.com/netcloth/netcloth-chain/app/v0/distribution/client/cli/query.go:126.18,128.5 1 0
github.com/netcloth/netcloth-chain/app/v0/distribution/client/cli/query.go:131.18,133.5 1 0
github.com/netcloth/netcloth-chain/app/v0/distribution/client/cli/query.go:143.86,157.55 1 0
github.com/netcloth/netcloth-chain/app/v0/distribution/client/cli/query.go:157.55,161.18 3 0
github.com/netcloth/netcloth-chain/app/v0/distribution/client/cli/query.go:165.4,166.18 2 0
github.com/netcloth/netcloth-chain/app/v0/distribution/client/cli/query.go:170.4,171.18 2 0
github.com/netcloth/netcloth-chain/app/v0/distribution/client/cli/query.go:175.4,177.18 3 0
github.com/netcloth/netcloth-chain/app/v0/distribution/client/cli/query.go:181.4,182.18 2 0
github.com/netcloth/netcloth-chain/app/v0/distribution/client/cli/query.go:186.4,188.38 3 0
github.com/netcloth/netcloth-chain/app/v0/distribution/client/cli/query.go:161.18,163.5 1 0
github.com/netcloth/netcloth-chain/app/v0/distribution/client/cli/query.go:166.18,168.5 1 0
github.com/netcloth/netcloth-chain/app/v0/distribution/client/cli/query.go:171.18,173.5 1 0
github.com/netcloth/netcloth-chain/app/v0/distribution/client/cli/query.go:177.18,179.5 1 0
github.com/netcloth/netcloth-chain/app/v0/distribution/client/cli/query.go:182.18,184.5 1 0
github.com/netcloth/netcloth-chain/app/v0/distribution/client/cli/query.go:194.86,209.55 1 0
github.com/netcloth/netcloth-chain/app/v0/distribution/client/cli/query.go:209.55,212.22 2 0
github.com/netcloth/netcloth-chain/app/v0/distribution/client/cli/query.go:225.4,226.18 2 0
github.com/netcloth/netcloth-chain/app/v0/distribution/client/cli/query.go:230.4,232.37 3 0
github.com/netcloth/netcloth-chain/app/v0/distribution/client/cli/query.go:212.22,215.19 2 0
github.com/netcloth/netcloth-chain/app/v0/distribution/client/cli/query.go:219.5,221.38 3 0
github.com/netcloth/netcloth-chain/app/v0/distribution/client/cli/query.go:215.19,217.6 1 0
github.com/netcloth/netcloth-chain/app/v0/distribution/client/cli/query.go:226.18,228.5 1 0
github.com/netcloth/netcloth-chain/app/v0/distribution/client/cli/query.go:238.83,252.55 1 0
github.com/netcloth/netcloth-chain/app/v0/distribution/client/cli/query.go:252.55,256.18 3 0
github.com/netcloth/netcloth-chain/app/v0/distribution/client/cli/query.go:260.4,262.37 3 0
github.com/netcloth/netcloth-chain/app/v0/distribution/client/cli/query.go:256.18,258.5 1 0
github.com/netcloth/netcloth-chain/app/v0/gov/types/vote.go:18.79,20.2 1 0
github.com/netcloth/netcloth-chain/app/v0/gov/types/vote.go:22.31,24.2 1 0
github.com/netcloth/netcloth-chain/app/v0/gov/types/vote.go:29.32,30.17 1 0
github.com/netcloth/netcloth-chain/app/v0/gov/types/vote.go:33.2,34.24 2 0
github.com/netcloth/netcloth-chain/app/v0/gov/types/vote.go:37.2,37.12 1 0
github.com/netcloth/netcloth-chain/app/v0/gov/types/vote.go:30.17,32.3 1 0
github.com/netcloth/netcloth-chain/app/v0/gov/types/vote.go:34.24,36.3 1 0
github.com/netcloth/netcloth-chain/app/v0/gov/types/vote.go:41.38,45.2 1 0
github.com/netcloth/netcloth-chain/app/v0/gov/types/vote.go:48.28,50.2 1 0
github.com/netcloth/netcloth-chain/app/v0/gov/types/vote.go:66.59,67.13 1 0
github.com/netcloth/netcloth-chain/app/v0/gov/types/vote.go:68.13,69.24 1 0
github.com/netcloth/netcloth-chain/app/v0/gov/types/vote.go:71.17,72.28 1 0
github.com/netcloth/netcloth-chain/app/v0/gov/types/vote.go:74.12,75.23 1 0
github.com/netcloth/netcloth-chain/app/v0/gov/types/vote.go:77.20,78.31 1 0
github.com/netcloth/netcloth-chain/app/v0/gov/types/vote.go:80.10,81.78 1 0
github.com/netcloth/netcloth-chain/app/v0/gov/types/vote.go:86.46,90.30 1 5
github.com/netcloth/netcloth-chain/app/v0/gov/types/vote.go:93.2,93.14 1 1
github.com/netcloth/netcloth-chain/app/v0/gov/types/vote.go:90.30,92.3 1 4
github.com/netcloth/netcloth-chain/app/v0/gov/types/vote.go:97.48,99.2 1 0
github.com/netcloth/netcloth-chain/app/v0/gov/types/vote.go:102.52,105.2 2 0
github.com/netcloth/netcloth-chain/app/v0/gov/types/vote.go:108.52,110.2 1 0
github.com/netcloth/netcloth-chain/app/v0/gov/types/vote.go:113.56,116.16 3 0
github.com/netcloth/netcloth-chain/app/v0/gov/types/vote.go:120.2,121.16 2 0
github.com/netcloth/netcloth-chain/app/v0/gov/types/vote.go:125.2,126.12 2 0
github.com/netcloth/netcloth-chain/app/v0/gov/types/vote.go:116.16,118.3 1 0
github.com/netcloth/netcloth-chain/app/v0/gov/types/vote.go:121.16,123.3 1 0
github.com/netcloth/netcloth-chain/app/v0/gov/types/vote.go:130.38,131.12 1 1
github.com/netcloth/netcloth-chain/app/v0/gov/types/vote.go:132.17,133.15 1 0
github.com/netcloth/netcloth-chain/app/v0/gov/types/vote.go:134.21,135.19 1 0
github.com/netcloth/netcloth-chain/app/v0/gov/types/vote.go:136.16,137.14 1 0
github.com/netcloth/netcloth-chain/app/v0/gov/types/vote.go:138.24,139.22 1 0
github.com/netcloth/netcloth-chain/app/v0/gov/types/vote.go:140.10,141.12 1 1
github.com/netcloth/netcloth-chain/app/v0/gov/types/vote.go:147.53,148.14 1 0
github.com/netcloth/netcloth-chain/app/v0/gov/types/vote.go:149.11,150.31 1 0
github.com/netcloth/netcloth-chain/app/v0/gov/types/vote.go:151.10,152.47 1 0
github.com/netcloth/netcloth-chain/app/v0/gov/types/content.go:26.40,28.40 2 8
github.com/netcloth/netcloth-chain/app/v0/gov/types/content.go:31.2,31.33 1 7
github.com/netcloth/netcloth-chain/app/v0/gov/types/content.go:35.2,36.27 2 6
github.com/netcloth/netcloth-chain/app/v0/gov/types/content.go:39.2,39.45 1 5
github.com/netcloth/netcloth-chain/app/v0/gov/types/content.go:43.2,43.12 1 4
github.com/netcloth/netcloth-chain/app/v0/gov/types/content.go:28.40,30.3 1 1
github.com/netcloth/netcloth-chain/app/v0/gov/types/content.go:31.33,33.3 1 1
github.com/netcloth/netcloth-chain/app/v0/gov/types/content.go:36.27,38.3 1 1
[...]
github.com/netcloth/netcloth-chain/store/cachekv/memiterator.go:91.17,93.3 1 0
github.com/netcloth/netcloth-chain/client/keys/show.go:35.35,54.2 8 3
github.com/netcloth/netcloth-chain/client/keys/show.go:56.64,59.20 2 9
github.com/netcloth/netcloth-chain/client/keys/show.go:85.2,91.16 6 6
github.com/netcloth/netcloth-chain/client/keys/show.go:95.2,95.32 1 6
github.com/netcloth/netcloth-chain/client/keys/show.go:99.2,99.49 1 6
github.com/netcloth/netcloth-chain/client/keys/show.go:103.2,104.16 2 6
github.com/netcloth/netcloth-chain/client/keys/show.go:108.2,108.9 1 5
github.com/netcloth/netcloth-chain/client/keys/show.go:117.2,117.18 1 5
github.com/netcloth/netcloth-chain/client/keys/show.go:137.2,137.12 1 2
github.com/netcloth/netcloth-chain/client/keys/show.go:59.20,61.17 2 3
github.com/netcloth/netcloth-chain/client/keys/show.go:61.17,63.4 1 1
github.com/netcloth/netcloth-chain/client/keys/show.go:64.8,66.32 2 6
github.com/netcloth/netcloth-chain/client/keys/show.go:75.3,77.17 3 5
github.com/netcloth/netcloth-chain/client/keys/show.go:81.3,82.61 2 4
github.com/netcloth/netcloth-chain/client/keys/show.go:66.32,68.18 2 11
github.com/netcloth/netcloth-chain/client/keys/show.go:72.4,72.29 1 10
github.com/netcloth/netcloth-chain/client/keys/show.go:68.18,70.5 1 1
github.com/netcloth/netcloth-chain/client/keys/show.go:77.17,79.4 1 1
github.com/netcloth/netcloth-chain/client/keys/show.go:91.16,93.3 1 0
github.com/netcloth/netcloth-chain/client/keys/show.go:95.32,97.3 1 0
github.com/netcloth/netcloth-chain/client/keys/show.go:99.49,101.3 1 0
github.com/netcloth/netcloth-chain/client/keys/show.go:104.16,106.3 1 1
github.com/netcloth/netcloth-chain/client/keys/show.go:109.18,110.36 1 0
github.com/netcloth/netcloth-chain/client/keys/show.go:111.20,112.32 1 1
github.com/netcloth/netcloth-chain/client/keys/show.go:113.10,114.33 1 4
github.com/netcloth/netcloth-chain/client/keys/show.go:117.18,118.19 1 3
github.com/netcloth/netcloth-chain/client/keys/show.go:121.3,121.47 1 2
github.com/netcloth/netcloth-chain/client/keys/show.go:125.3,125.40 1 1
github.com/netcloth/netcloth-chain/client/keys/show.go:129.3,130.17 2 0
github.com/netcloth/netcloth-chain/client/keys/show.go:134.3,134.61 1 0
github.com/netcloth/netcloth-chain/client/keys/show.go:118.19,120.4 1 1
github.com/netcloth/netcloth-chain/client/keys/show.go:121.47,123.4 1 1
github.com/netcloth/netcloth-chain/client/keys/show.go:125.40,127.4 1 1
github.com/netcloth/netcloth-chain/client/keys/show.go:130.17,132.4 1 0
github.com/netcloth/netcloth-chain/client/keys/show.go:140.52,141.12 1 10
github.com/netcloth/netcloth-chain/client/keys/show.go:144.2,144.15 1 8
github.com/netcloth/netcloth-chain/client/keys/show.go:148.2,148.12 1 6
github.com/netcloth/netcloth-chain/client/keys/show.go:141.12,143.3 1 2
github.com/netcloth/netcloth-chain/client/keys/show.go:144.15,147.3 1 2
github.com/netcloth/netcloth-chain/client/keys/show.go:151.61,152.20 1 11
github.com/netcloth/netcloth-chain/client/keys/show.go:161.2,161.83 1 3
github.com/netcloth/netcloth-chain/client/keys/show.go:153.25,154.35 1 4
github.com/netcloth/netcloth-chain/client/keys/show.go:155.27,156.38 1 3
github.com/netcloth/netcloth-chain/client/keys/show.go:157.27,158.39 1 1
github.com/netcloth/netcloth-chain/client/keys/update.go:11.40,19.2 2 3
github.com/netcloth/netcloth-chain/client/keys/update.go:21.60,26.16 4 3
github.com/netcloth/netcloth-chain/client/keys/update.go:29.2,30.16 2 3
github.com/netcloth/netcloth-chain/client/keys/update.go:34.2,34.39 1 2
github.com/netcloth/netcloth-chain/client/keys/update.go:39.2,39.61 1 2
github.com/netcloth/netcloth-chain/client/keys/update.go:43.2,44.12 2 0
github.com/netcloth/netcloth-chain/client/keys/update.go:26.16,28.3 1 0
github.com/netcloth/netcloth-chain/client/keys/update.go:30.16,32.3 1 1
github.com/netcloth/netcloth-chain/client/keys/update.go:34.39,38.3 1 0
github.com/netcloth/netcloth-chain/client/keys/update.go:39.61,41.3 1 2
github.com/netcloth/netcloth-chain/client/keys/add.go:39.37,76.2 14 2
github.com/netcloth/netcloth-chain/client/keys/add.go:87.57,98.31 8 4
github.com/netcloth/netcloth-chain/client/keys/add.go:165.2,165.42 1 3
github.com/netcloth/netcloth-chain/client/keys/add.go:177.2,181.40 3 3
github.com/netcloth/netcloth-chain/client/keys/add.go:192.2,195.47 3 3
github.com/netcloth/netcloth-chain/client/keys/add.go:211.2,211.24 1 3
github.com/netcloth/netcloth-chain/client/keys/add.go:225.2,225.17 1 3
github.com/netcloth/netcloth-chain/client/keys/add.go:246.2,247.16 2 3
github.com/netcloth/netcloth-chain/client/keys/add.go:252.2,252.32 1 3
github.com/netcloth/netcloth-chain/client/keys/add.go:258.2,258.55 1 3
github.com/netcloth/netcloth-chain/client/keys/add.go:98.31,103.3 2 0
github.com/netcloth/netcloth-chain/client/keys/add.go:103.8,105.17 2 4
github.com/netcloth/netcloth-chain/client/keys/add.go:109.3,110.17 2 4
github.com/netcloth/netcloth-chain/client/keys/add.go:121.3,122.29 2 3
github.com/netcloth/netcloth-chain/client/keys/add.go:155.3,155.82 1 3
github.com/netcloth/netcloth-chain/client/keys/add.go:105.17,107.4 1 0
github.com/netcloth/netcloth-chain/client/keys/add.go:110.17,113.19 2 2
github.com/netcloth/netcloth-chain/client/keys/add.go:116.4,116.17 1 2
github.com/netcloth/netcloth-chain/client/keys/add.go:113.19,115.5 1 0
github.com/netcloth/netcloth-chain/client/keys/add.go:116.17,118.5 1 1
github.com/netcloth/netcloth-chain/client/keys/add.go:122.29,126.90 3 0
github.com/netcloth/netcloth-chain/client/keys/add.go:130.4,130.41 1 0
github.com/netcloth/netcloth-chain/client/keys/add.go:139.4,139.34 1 0
github.com/netcloth/netcloth-chain/client/keys/add.go:145.4,146.54 2 0
github.com/netcloth/netcloth-chain/client/keys/add.go:150.4,151.14 2 0
github.com/netcloth/netcloth-chain/client/keys/add.go:126.90,128.5 1 0
github.com/netcloth/netcloth-chain/client/keys/add.go:130.41,132.19 2 0
github.com/netcloth/netcloth-chain/client/keys/add.go:135.5,135.37 1 0
github.com/netcloth/netcloth-chain/client/keys/add.go:132.19,134.6 1 0
github.com/netcloth/netcloth-chain/client/keys/add.go:139.34,140.41 1 0
github.com/netcloth/netcloth-chain/client/keys/add.go:140.41,142.6 1 0
github.com/netcloth/netcloth-chain/client/keys/add.go:146.54,148.5 1 0
github.com/netcloth/netcloth-chain/client/keys/add.go:155.82,159.18 2 3
github.com/netcloth/netcloth-chain/client/keys/add.go:159.18,161.5 1 0
github.com/netcloth/netcloth-chain/client/keys/add.go:165.42,167.17 2 0
github.com/netcloth/netcloth-chain/client/keys/add.go:170.3,171.17 2 0
github.com/netcloth/netcloth-chain/client/keys/add.go:174.3,174.13 1 0
github.com/netcloth/netcloth-chain/client/keys/add.go:167.17,169.4 1 0
github.com/netcloth/netcloth-chain/client/keys/add.go:171.17,173.4 1 0
github.com/netcloth/netcloth-chain/client/keys/add.go:181.40,184.17 3 0
github.com/netcloth/netcloth-chain/client/keys/add.go:188.3,188.43 1 0
github.com/netcloth/netcloth-chain/client/keys/add.go:184.17,186.4 1 0
github.com/netcloth/netcloth-chain/client/keys/add.go:195.47,197.34 2 0
github.com/netcloth/netcloth-chain/client/keys/add.go:201.3,202.17 2 0
github.com/netcloth/netcloth-chain/client/keys/add.go:206.3,206.39 1 0
github.com/netcloth/netcloth-chain/client/keys/add.go:197.34,199.4 1 0
github.com/netcloth/netcloth-chain/client/keys/add.go:202.17,204.4 1 0
github.com/netcloth/netcloth-chain/client/keys/add.go:206.39,208.4 1 0
github.com/netcloth/netcloth-chain/client/keys/add.go:211.24,214.17 2 3
github.com/netcloth/netcloth-chain/client/keys/add.go:218.3,219.17 2 3
github.com/netcloth/netcloth-chain/client/keys/add.go:214.17,216.4 1 0
github.com/netcloth/netcloth-chain/client/keys/add.go:219.17,221.4 1 0
github.com/netcloth/netcloth-chain/client/keys/add.go:225.17,229.17 2 0
github.com/netcloth/netcloth-chain/client/keys/add.go:234.3,234.32 1 0
github.com/netcloth/netcloth-chain/client/keys/add.go:229.17,231.4 1 0
github.com/netcloth/netcloth-chain/client/keys/add.go:234.32,236.18 2 0
github.com/netcloth/netcloth-chain/client/keys/add.go:240.4,240.29 1 0
github.com/netcloth/netcloth-chain/client/keys/add.go:236.18,238.5 1 0
github.com/netcloth/netcloth-chain/client/keys/add.go:240.29,242.5 1 0
github.com/netcloth/netcloth-chain/client/keys/add.go:247.16,249.3 1 0
github.com/netcloth/netcloth-chain/client/keys/add.go:252.32,256.3 2 0
github.com/netcloth/netcloth-chain/client/keys/add.go:261.96,264.16 2 3
github.com/netcloth/netcloth-chain/client/keys/add.go:301.2,301.12 1 3
github.com/netcloth/netcloth-chain/client/keys/add.go:265.24,270.19 3 2
github.com/netcloth/netcloth-chain/client/keys/add.go:276.24,278.17 2 1
github.com/netcloth/netcloth-chain/client/keys/add.go:282.3,282.19 1 1
github.com/netcloth/netcloth-chain/client/keys/add.go:286.3,287.46 2 1
github.com/netcloth/netcloth-chain/client/keys/add.go:293.3,293.17 1 1
github.com/netcloth/netcloth-chain/client/keys/add.go:296.3,296.37 1 1
github.com/netcloth/netcloth-chain/client/keys/add.go:297.10,298.49 1 0
github.com/netcloth/netcloth-chain/client/keys/add.go:270.19,275.4 4 2
github.com/netcloth/netcloth-chain/client/keys/add.go:278.17,280.4 1 0
github.com/netcloth/netcloth-chain/client/keys/add.go:282.19,284.4 1 1
github.com/netcloth/netcloth-chain/client/keys/add.go:287.46,289.4 1 0
github.com/netcloth/netcloth-chain/client/keys/add.go:289.9,291.4 1 1
github.com/netcloth/netcloth-chain/client/keys/add.go:293.17,295.4 1 0
github.com/netcloth/netcloth-chain/client/keys/codec.go:9.13,13.2 3 1
github.com/netcloth/netcloth-chain/client/keys/codec.go:16.49,18.2 1 4
github.com/netcloth/netcloth-chain/client/keys/codec.go:21.54,23.2 1 4
github.com/netcloth/netcloth-chain/client/keys/delete.go:20.40,39.2 4 2
github.com/netcloth/netcloth-chain/client/keys/delete.go:41.60,45.16 3 4
github.com/netcloth/netcloth-chain/client/keys/delete.go:49.2,50.16 2 4
github.com/netcloth/netcloth-chain/client/keys/delete.go:54.2,55.77 2 3
github.com/netcloth/netcloth-chain/client/keys/delete.go:69.2,71.15 3 0
github.com/netcloth/netcloth-chain/client/keys/delete.go:78.2,79.16 2 0
github.com/netcloth/netcloth-chain/client/keys/delete.go:82.2,83.12 2 0
github.com/netcloth/netcloth-chain/client/keys/delete.go:45.16,47.3 1 0
github.com/netcloth/netcloth-chain/client/keys/delete.go:50.16,52.3 1 1
github.com/netcloth/netcloth-chain/client/keys/delete.go:55.77,56.30 1 3
github.com/netcloth/netcloth-chain/client/keys/delete.go:61.3,61.51 1 2
github.com/netcloth/netcloth-chain/client/keys/delete.go:64.3,65.13 2 2
github.com/netcloth/netcloth-chain/client/keys/delete.go:56.30,57.47 1 2
github.com/netcloth/netcloth-chain/client/keys/delete.go:57.47,59.5 1 1
github.com/netcloth/netcloth-chain/client/keys/delete.go:61.51,63.4 1 0
github.com/netcloth/netcloth-chain/client/keys/delete.go:71.15,73.75 1 0
github.com/netcloth/netcloth-chain/client/keys/delete.go:73.75,75.4 1 0
github.com/netcloth/netcloth-chain/client/keys/delete.go:79.16,81.3 1 0
github.com/netcloth/netcloth-chain/client/keys/delete.go:86.47,88.16 2 6
github.com/netcloth/netcloth-chain/client/keys/delete.go:91.2,91.13 1 5
github.com/netcloth/netcloth-chain/client/keys/delete.go:94.2,94.12 1 3
github.com/netcloth/netcloth-chain/client/keys/delete.go:88.16,90.3 1 1
github.com/netcloth/netcloth-chain/client/keys/delete.go:91.13,93.3 1 2
github.com/netcloth/netcloth-chain/client/keys/export.go:11.40,20.2 2 2
github.com/netcloth/netcloth-chain/client/keys/export.go:22.60,24.16 2 1
github.com/netcloth/netcloth-chain/client/keys/export.go:28.2,30.16 3 1
github.com/netcloth/netcloth-chain/client/keys/export.go:33.2,34.16 2 1
github.com/netcloth/netcloth-chain/client/keys/export.go:38.2,39.16 2 1
github.com/netcloth/netcloth-chain/client/keys/export.go:43.2,44.12 2 1
github.com/netcloth/netcloth-chain/client/keys/export.go:24.16,26.3 1 0
github.com/netcloth/netcloth-chain/client/keys/export.go:30.16,32.3 1 0
github.com/netcloth/netcloth-chain/client/keys/export.go:34.16,36.3 1 0
github.com/netcloth/netcloth-chain/client/keys/export.go:39.16,41.3 1 0
github.com/netcloth/netcloth-chain/client/keys/root.go:11.32,34.2 3 1
github.com/netcloth/netcloth-chain/client/keys/utils.go:31.49,33.16 2 14
github.com/netcloth/netcloth-chain/client/keys/utils.go:37.2,37.26 1 14
github.com/netcloth/netcloth-chain/client/keys/utils.go:33.16,35.3 1 0
github.com/netcloth/netcloth-chain/client/keys/utils.go:44.49,48.16 3 0
github.com/netcloth/netcloth-chain/client/keys/utils.go:54.2,54.41 1 0
github.com/netcloth/netcloth-chain/client/keys/utils.go:61.2,61.24 1 0
github.com/netcloth/netcloth-chain/client/keys/utils.go:48.16,50.3 1 0
github.com/netcloth/netcloth-chain/client/keys/utils.go:54.41,56.17 2 0
github.com/netcloth/netcloth-chain/client/keys/utils.go:56.17,58.4 1 0
github.com/netcloth/netcloth-chain/client/keys/utils.go:66.59,71.16 4 0
github.com/netcloth/netcloth-chain/client/keys/utils.go:75.2,75.24 1 0
github.com/netcloth/netcloth-chain/client/keys/utils.go:71.16,73.3 1 0
github.com/netcloth/netcloth-chain/client/keys/utils.go:79.53,82.2 2 35
github.com/netcloth/netcloth-chain/client/keys/utils.go:85.62,87.2 1 35
github.com/netcloth/netcloth-chain/client/keys/utils.go:90.40,90.69 1 0
github.com/netcloth/netcloth-chain/client/keys/utils.go:92.66,94.2 1 35
github.com/netcloth/netcloth-chain/client/keys/utils.go:96.63,98.16 2 6
github.com/netcloth/netcloth-chain/client/keys/utils.go:102.2,102.35 1 6
github.com/netcloth/netcloth-chain/client/keys/utils.go:98.16,99.13 1 0
github.com/netcloth/netcloth-chain/client/keys/utils.go:103.24,104.39 1 2
github.com/netcloth/netcloth-chain/client/keys/utils.go:106.24,109.46 3 4
github.com/netcloth/netcloth-chain/client/keys/utils.go:114.3,114.17 1 4
github.com/netcloth/netcloth-chain/client/keys/utils.go:118.3,118.27 1 4
github.com/netcloth/netcloth-chain/client/keys/utils.go:109.46,111.4 1 0
github.com/netcloth/netcloth-chain/client/keys/utils.go:111.9,113.4 1 4
github.com/netcloth/netcloth-chain/client/keys/utils.go:114.17,115.14 1 0
github.com/netcloth/netcloth-chain/client/keys/utils.go:122.36,124.16 2 2
github.com/netcloth/netcloth-chain/client/keys/utils.go:128.2,128.35 1 2
github.com/netcloth/netcloth-chain/client/keys/utils.go:124.16,125.13 1 0
github.com/netcloth/netcloth-chain/client/keys/utils.go:129.24,130.22 1 0
github.com/netcloth/netcloth-chain/client/keys/utils.go:132.24,136.46 3 2
github.com/netcloth/netcloth-chain/client/keys/utils.go:142.3,142.17 1 2
github.com/netcloth/netcloth-chain/client/keys/utils.go:145.3,145.24 1 2
github.com/netcloth/netcloth-chain/client/keys/utils.go:136.46,138.4 1 0
github.com/netcloth/netcloth-chain/client/keys/utils.go:138.9,140.4 1 2
github.com/netcloth/netcloth-chain/client/keys/utils.go:142.17,143.14 1 0
github.com/netcloth/netcloth-chain/client/keys/utils.go:149.43,151.16 2 2
github.com/netcloth/netcloth-chain/client/keys/utils.go:154.2,154.26 1 2
github.com/netcloth/netcloth-chain/client/keys/utils.go:151.16,152.13 1 0
github.com/netcloth/netcloth-chain/client/keys/utils.go:157.63,159.16 2 0
github.com/netcloth/netcloth-chain/client/keys/utils.go:163.2,163.25 1 0
github.com/netcloth/netcloth-chain/client/keys/utils.go:159.16,160.13 1 0
github.com/netcloth/netcloth-chain/client/keys/utils.go:166.59,168.16 2 1
github.com/netcloth/netcloth-chain/client/keys/utils.go:172.2,172.24 1 1
github.com/netcloth/netcloth-chain/client/keys/utils.go:168.16,169.13 1 0
github.com/netcloth/netcloth-chain/client/keys/import.go:11.40,20.2 2 2
github.com/netcloth/netcloth-chain/client/keys/import.go:22.60,24.16 2 1
github.com/netcloth/netcloth-chain/client/keys/import.go:28.2,29.16 2 1
github.com/netcloth/netcloth-chain/client/keys/import.go:33.2,35.16 3 1
github.com/netcloth/netcloth-chain/client/keys/import.go:39.2,39.58 1 1
github.com/netcloth/netcloth-chain/client/keys/import.go:24.16,26.3 1 0
github.com/netcloth/netcloth-chain/client/keys/import.go:29.16,31.3 1 0
github.com/netcloth/netcloth-chain/client/keys/import.go:35.16,37.3 1 0
github.com/netcloth/netcloth-chain/client/keys/list.go:8.35,18.2 3 2
github.com/netcloth/netcloth-chain/client/keys/list.go:20.58,22.16 2 3
github.com/netcloth/netcloth-chain/client/keys/list.go:26.2,27.16 2 3
github.com/netcloth/netcloth-chain/client/keys/list.go:30.2,30.12 1 3
github.com/netcloth/netcloth-chain/client/keys/list.go:22.16,24.3 1 0
github.com/netcloth/netcloth-chain/client/keys/list.go:27.16,29.3 1 2
github.com/netcloth/netcloth-chain/client/keys/mnemonic.go:20.42,29.2 3 3
github.com/netcloth/netcloth-chain/client/keys/mnemonic.go:31.62,38.17 4 6
github.com/netcloth/netcloth-chain/client/keys/mnemonic.go:68.2,69.16 2 2
github.com/netcloth/netcloth-chain/client/keys/mnemonic.go:72.2,74.12 2 2
github.com/netcloth/netcloth-chain/client/keys/mnemonic.go:38.17,42.17 3 5
github.com/netcloth/netcloth-chain/client/keys/mnemonic.go:45.3,45.29 1 4
github.com/netcloth/netcloth-chain/client/keys/mnemonic.go:48.3,49.17 2 3
github.com/netcloth/netcloth-chain/client/keys/mnemonic.go:52.3,52.12 1 2
github.com/netcloth/netcloth-chain/client/keys/mnemonic.go:57.3,58.33 2 1
github.com/netcloth/netcloth-chain/client/keys/mnemonic.go:42.17,44.4 1 1
github.com/netcloth/netcloth-chain/client/keys/mnemonic.go:45.29,47.4 1 1
github.com/netcloth/netcloth-chain/client/keys/mnemonic.go:49.17,51.4 1 1
github.com/netcloth/netcloth-chain/client/keys/mnemonic.go:52.12,54.4 1 1
github.com/netcloth/netcloth-chain/client/keys/mnemonic.go:59.8,63.17 3 1
github.com/netcloth/netcloth-chain/client/keys/mnemonic.go:63.17,65.4 1 0
github.com/netcloth/netcloth-chain/client/keys/mnemonic.go:69.16,71.3 1 0
github.com/netcloth/netcloth-chain/client/keys/parse.go:34.37,36.2 1 0
github.com/netcloth/netcloth-chain/client/keys/parse.go:38.54,40.2 1 1
github.com/netcloth/netcloth-chain/client/keys/parse.go:46.46,48.40 2 1
github.com/netcloth/netcloth-chain/client/keys/parse.go:56.2,56.12 1 1
github.com/netcloth/netcloth-chain/client/keys/parse.go:48.40,50.17 2 6
github.com/netcloth/netcloth-chain/client/keys/parse.go:53.3,53.30 1 6
github.com/netcloth/netcloth-chain/client/keys/parse.go:50.17,51.14 1 0
github.com/netcloth/netcloth-chain/client/keys/parse.go:59.40,62.36 2 0
github.com/netcloth/netcloth-chain/client/keys/parse.go:66.2,66.68 1 0
github.com/netcloth/netcloth-chain/client/keys/parse.go:62.36,64.3 1 0
github.com/netcloth/netcloth-chain/client/keys/parse.go:69.45,82.2 3 1
github.com/netcloth/netcloth-chain/client/keys/parse.go:84.54,86.20 2 4
github.com/netcloth/netcloth-chain/client/keys/parse.go:89.2,89.48 1 3
github.com/netcloth/netcloth-chain/client/keys/parse.go:92.2,92.12 1 2
github.com/netcloth/netcloth-chain/client/keys/parse.go:86.20,88.3 1 1
github.com/netcloth/netcloth-chain/client/keys/parse.go:89.48,91.3 1 1
github.com/netcloth/netcloth-chain/client/keys/parse.go:96.43,98.16 2 3
github.com/netcloth/netcloth-chain/client/keys/parse.go:101.2,102.13 2 1
github.com/netcloth/netcloth-chain/client/keys/parse.go:98.16,100.3 1 2
github.com/netcloth/netcloth-chain/client/keys/parse.go:106.37,108.16 2 2
github.com/netcloth/netcloth-chain/client/keys/parse.go:111.2,112.13 2 1
github.com/netcloth/netcloth-chain/client/keys/parse.go:108.16,110.3 1 1
github.com/netcloth/netcloth-chain/client/keys/parse.go:115.49,119.35 3 2
github.com/netcloth/netcloth-chain/client/keys/parse.go:133.2,133.16 1 2
github.com/netcloth/netcloth-chain/client/keys/parse.go:137.2,137.26 1 2
github.com/netcloth/netcloth-chain/client/keys/parse.go:120.24,121.37 1 0
github.com/netcloth/netcloth-chain/client/keys/parse.go:123.24,125.46 1 2
github.com/netcloth/netcloth-chain/client/keys/parse.go:125.46,127.4 1 0
github.com/netcloth/netcloth-chain/client/keys/parse.go:127.9,129.4 1 2
github.com/netcloth/netcloth-chain/client/keys/parse.go:133.16,134.13 1 0
github.com/netcloth/netcloth-chain/client/keys/types.go:15.82,23.2 1 0
github.com/netcloth/netcloth-chain/client/keys/types.go:34.78,36.2 1 0
github.com/netcloth/netcloth-chain/client/keys/types.go:45.52,47.2 1 0
github.com/netcloth/netcloth-chain/client/keys/types.go:55.52,55.95 1 0
